[0.014s] Invoking command in '/home/leoo/Documents/GitHub/ENPM673_turtlebot_perception_challenge/build/enpm673_final_proj': CMAKE_PREFIX_PATH=/opt/ros/galactic /home/leoo/.local/bin/cmake /home/leoo/Documents/GitHub/ENPM673_turtlebot_perception_challenge/enpm673_final_proj -DCMAKE_INSTALL_PREFIX=/home/leoo/Documents/GitHub/ENPM673_turtlebot_perception_challenge/install/enpm673_final_proj
[0.071s] -- Found ament_cmake: 1.1.6 (/opt/ros/galactic/share/ament_cmake/cmake)
[0.072s] [33mCMake Warning (dev) at /opt/ros/galactic/share/ament_cmake_core/cmake/core/python.cmake:22 (find_package):
[0.072s]   Policy CMP0148 is not set: The FindPythonInterp and FindPythonLibs modules
[0.072s]   are removed.  Run "cmake --help-policy CMP0148" for policy details.  Use
[0.073s]   the cmake_policy command to set the policy and suppress this warning.
[0.073s] 
[0.073s] Call Stack (most recent call first):
[0.073s]   /opt/ros/galactic/share/ament_cmake_core/cmake/core/all.cmake:53 (include)
[0.073s]   /opt/ros/galactic/share/ament_cmake_core/cmake/ament_cmake_core-extras.cmake:17 (include)
[0.073s]   /opt/ros/galactic/share/ament_cmake_core/cmake/ament_cmake_coreConfig.cmake:41 (include)
[0.073s]   /opt/ros/galactic/share/ament_cmake/cmake/ament_cmake_export_dependencies-extras.cmake:15 (find_package)
[0.073s]   /opt/ros/galactic/share/ament_cmake/cmake/ament_cmakeConfig.cmake:41 (include)
[0.073s]   CMakeLists.txt:9 (find_package)
[0.073s] This warning is for project developers.  Use -Wno-dev to suppress it.
[0.073s] [0m
[0.089s] -- Using PYTHON_EXECUTABLE: /usr/bin/python3
[0.140s] -- Override CMake install command with custom implementation using symlinks instead of copying resources
[0.148s] -- Found rclcpp: 9.2.2 (/opt/ros/galactic/share/rclcpp/cmake)
[0.182s] -- Using all available rosidl_typesupport_c: rosidl_typesupport_fastrtps_c;rosidl_typesupport_introspection_c
[0.185s] -- Found rosidl_adapter: 2.2.3 (/opt/ros/galactic/share/rosidl_adapter/cmake)
[0.305s] -- Using all available rosidl_typesupport_cpp: rosidl_typesupport_fastrtps_cpp;rosidl_typesupport_introspection_cpp
[0.355s] -- Found rmw_implementation_cmake: 3.3.1 (/opt/ros/galactic/share/rmw_implementation_cmake/cmake)
[0.356s] -- Found rmw_cyclonedds_cpp: 0.22.6 (/opt/ros/galactic/share/rmw_cyclonedds_cpp/cmake)
[0.373s] -- Using RMW implementation 'rmw_cyclonedds_cpp' as default
[0.508s] -- Found rclpy: 1.9.3 (/opt/ros/galactic/share/rclpy/cmake)
[0.512s] [33mCMake Warning (dev) at /home/leoo/.local/lib/python3.8/site-packages/cmake/data/share/cmake-3.30/Modules/FindPackageHandleStandardArgs.cmake:441 (message):
[0.513s]   The package name passed to `find_package_handle_standard_args` (PkgConfig)
[0.513s]   does not match the name of the calling package (gazebo).  This can lead to
[0.513s]   problems in calling code that expects `find_package` result variables
[0.513s]   (e.g., `_FOUND`) to follow a certain pattern.
[0.513s] Call Stack (most recent call first):
[0.513s]   /home/leoo/.local/lib/python3.8/site-packages/cmake/data/share/cmake-3.30/Modules/FindPkgConfig.cmake:114 (find_package_handle_standard_args)
[0.513s]   /usr/lib/x86_64-linux-gnu/cmake/gazebo/gazebo-config.cmake:72 (include)
[0.513s]   CMakeLists.txt:13 (find_package)
[0.513s] This warning is for project developers.  Use -Wno-dev to suppress it.
[0.513s] [0m
[0.543s] [33mCMake Warning (dev) at /usr/share/dart/cmake/DARTFindBoost.cmake:24 (find_package):
[0.544s]   Policy CMP0167 is not set: The FindBoost module is removed.  Run "cmake
[0.544s]   --help-policy CMP0167" for policy details.  Use the cmake_policy command to
[0.544s]   set the policy and suppress this warning.
[0.544s] 
[0.544s] Call Stack (most recent call first):
[0.544s]   /usr/share/dart/cmake/dart_dartComponent.cmake:6 (include)
[0.544s]   /usr/share/dart/cmake/DARTConfig.cmake:63 (include)
[0.544s]   /usr/share/dart/cmake/DARTConfig.cmake:123 (dart_traverse_components)
[0.544s]   /usr/share/dart/cmake/DARTConfig.cmake:171 (dart_package_init)
[0.544s]   /usr/lib/x86_64-linux-gnu/cmake/gazebo/gazebo-config.cmake:166 (find_package)
[0.545s]   CMakeLists.txt:13 (find_package)
[0.545s] This warning is for project developers.  Use -Wno-dev to suppress it.
[0.545s] [0m
[0.555s] -- Found DART: /usr/include (Required is at least version "6.6") found components: dart
[0.564s] [33mCMake Warning (dev) at /usr/lib/x86_64-linux-gnu/cmake/gazebo/gazebo-config.cmake:197 (find_package):
[0.564s]   Policy CMP0167 is not set: The FindBoost module is removed.  Run "cmake
[0.564s]   --help-policy CMP0167" for policy details.  Use the cmake_policy command to
[0.564s]   set the policy and suppress this warning.
[0.564s] 
[0.564s] Call Stack (most recent call first):
[0.564s]   CMakeLists.txt:13 (find_package)
[0.565s] This warning is for project developers.  Use -Wno-dev to suppress it.
[0.565s] [0m
[0.586s] -- Found Protobuf: /usr/lib/x86_64-linux-gnu/libprotobuf.so;-lpthread (found version "3.6.1")
[0.587s] -- Looking for ignition-math6 -- found version 6.15.1
[0.592s] -- Searching for dependencies of ignition-math6
[0.594s] -- Looking for OGRE...
[0.600s] -- Found Ogre Ghadamon (1.9.0)
[0.601s] -- Found OGRE: optimized;/usr/lib/x86_64-linux-gnu/libOgreMain.so;debug;/usr/lib/x86_64-linux-gnu/libOgreMain.so
[0.602s] [33mCMake Warning (dev) at /usr/share/OGRE/cmake/modules/FindOGRE.cmake:309 (find_package):
[0.602s]   Policy CMP0167 is not set: The FindBoost module is removed.  Run "cmake
[0.602s]   --help-policy CMP0167" for policy details.  Use the cmake_policy command to
[0.602s]   set the policy and suppress this warning.
[0.602s] 
[0.602s] Call Stack (most recent call first):
[0.602s]   /usr/lib/x86_64-linux-gnu/cmake/gazebo/gazebo-config.cmake:213 (find_package)
[0.602s]   CMakeLists.txt:13 (find_package)
[0.602s] This warning is for project developers.  Use -Wno-dev to suppress it.
[0.602s] [0m
[0.607s] [33mCMake Warning (dev) at /usr/share/OGRE/cmake/modules/FindOGRE.cmake:318 (find_package):
[0.607s]   Policy CMP0167 is not set: The FindBoost module is removed.  Run "cmake
[0.607s]   --help-policy CMP0167" for policy details.  Use the cmake_policy command to
[0.607s]   set the policy and suppress this warning.
[0.607s] 
[0.607s] Call Stack (most recent call first):
[0.607s]   /usr/lib/x86_64-linux-gnu/cmake/gazebo/gazebo-config.cmake:213 (find_package)
[0.607s]   CMakeLists.txt:13 (find_package)
[0.607s] This warning is for project developers.  Use -Wno-dev to suppress it.
[0.607s] [0m
[0.613s] -- Looking for OGRE_Paging...
[0.613s] -- Found OGRE_Paging: optimized;/usr/lib/x86_64-linux-gnu/libOgrePaging.so;debug;/usr/lib/x86_64-linux-gnu/libOgrePaging.so
[0.614s] -- Looking for OGRE_Terrain...
[0.614s] -- Found OGRE_Terrain: optimized;/usr/lib/x86_64-linux-gnu/libOgreTerrain.so;debug;/usr/lib/x86_64-linux-gnu/libOgreTerrain.so
[0.614s] -- Looking for OGRE_Property...
[0.614s] -- Found OGRE_Property: optimized;/usr/lib/x86_64-linux-gnu/libOgreProperty.so;debug;/usr/lib/x86_64-linux-gnu/libOgreProperty.so
[0.614s] -- Looking for OGRE_RTShaderSystem...
[0.614s] -- Found OGRE_RTShaderSystem: optimized;/usr/lib/x86_64-linux-gnu/libOgreRTShaderSystem.so;debug;/usr/lib/x86_64-linux-gnu/libOgreRTShaderSystem.so
[0.614s] -- Looking for OGRE_Volume...
[0.614s] -- Found OGRE_Volume: optimized;/usr/lib/x86_64-linux-gnu/libOgreVolume.so;debug;/usr/lib/x86_64-linux-gnu/libOgreVolume.so
[0.614s] -- Looking for OGRE_Overlay...
[0.614s] -- Found OGRE_Overlay: optimized;/usr/lib/x86_64-linux-gnu/libOgreOverlay.so;debug;/usr/lib/x86_64-linux-gnu/libOgreOverlay.so
[0.846s] -- Looking for ignition-math6 -- found version 6.15.1
[0.847s] -- Looking for ignition-transport8 -- found version 8.3.0
[0.847s] -- Searching for dependencies of ignition-transport8
[0.865s] -- Found Protobuf: /usr/lib/x86_64-linux-gnu/libprotobuf.so;-lpthread (found suitable version "3.6.1", minimum required is "3")
[0.876s] -- Config-file not installed for ZeroMQ -- checking for pkg-config
[0.880s] -- Checking for module 'libzmq >= 4'
[0.897s] --   Found libzmq, version 4.3.2
[0.947s] -- Checking for module 'uuid'
[0.964s] --   Found uuid, version 2.34.0
[1.013s] -- Looking for ignition-msgs5 -- found version 5.10.0
[1.014s] -- Searching for dependencies of ignition-msgs5
[1.042s] -- Looking for ignition-math6 -- found version 6.15.1
[1.050s] -- Checking for module 'tinyxml2'
[1.075s] --   Found tinyxml2, version 6.2.0
[1.134s] -- Looking for ignition-msgs5 -- found version 5.10.0
[1.135s] -- Looking for ignition-common3 -- found version 3.14.2
[1.135s] -- Searching for dependencies of ignition-common3
[1.136s] -- Looking for dlfcn.h - found
[1.136s] -- Looking for libdl - found
[1.149s] -- Searching for <ignition-common3> component [graphics]
[1.150s] -- Looking for ignition-common3-graphics -- found version 3.14.2
[1.150s] -- Searching for dependencies of ignition-common3-graphics
[1.151s] -- Looking for ignition-math6 -- found version 6.15.1
[1.152s] -- Looking for ignition-fuel_tools4 -- found version 4.6.0
[1.152s] -- Searching for dependencies of ignition-fuel_tools4
[1.197s] -- Checking for module 'jsoncpp'
[1.212s] --   Found jsoncpp, version 1.7.4
[1.261s] -- Checking for module 'libzip'
[1.278s] --   Found libzip, version 1.5.1
[1.321s] -- Looking for ignition-common3 -- found version 3.14.2
[1.322s] -- Looking for ignition-math6 -- found version 6.15.1
[1.322s] -- Looking for ignition-msgs5 -- found version 5.10.0
[1.442s] -- Configuring done (1.4s)
[1.463s] -- Generating done (0.0s)
[1.464s] -- Build files have been written to: /home/leoo/Documents/GitHub/ENPM673_turtlebot_perception_challenge/build/enpm673_final_proj
[1.489s] Invoked command in '/home/leoo/Documents/GitHub/ENPM673_turtlebot_perception_challenge/build/enpm673_final_proj' returned '0': CMAKE_PREFIX_PATH=/opt/ros/galactic /home/leoo/.local/bin/cmake /home/leoo/Documents/GitHub/ENPM673_turtlebot_perception_challenge/enpm673_final_proj -DCMAKE_INSTALL_PREFIX=/home/leoo/Documents/GitHub/ENPM673_turtlebot_perception_challenge/install/enpm673_final_proj
[1.492s] Invoking command in '/home/leoo/Documents/GitHub/ENPM673_turtlebot_perception_challenge/build/enpm673_final_proj': CMAKE_PREFIX_PATH=/opt/ros/galactic /home/leoo/.local/bin/cmake --build /home/leoo/Documents/GitHub/ENPM673_turtlebot_perception_challenge/build/enpm673_final_proj -- -j8 -l8
[1.583s] [ 50%] Built target cpp_enpm673_final_proj
[1.585s] [ 50%] Built target ament_cmake_python_symlink_enpm673_module
[1.609s] [ 75%] [32mBuilding CXX object CMakeFiles/animated_box.dir/src/animated_box.cpp.o[0m
[1.789s] running egg_info
[1.790s] writing enpm673_module.egg-info/PKG-INFO
[1.791s] writing dependency_links to enpm673_module.egg-info/dependency_links.txt
[1.792s] writing top-level names to enpm673_module.egg-info/top_level.txt
[1.821s] reading manifest file 'enpm673_module.egg-info/SOURCES.txt'
[1.821s] writing manifest file 'enpm673_module.egg-info/SOURCES.txt'
[1.847s] [ 75%] Built target ament_cmake_python_build_enpm673_module_egg
[3.407s] In file included from [01m[K/usr/include/ignition/math6/gz/math/Box.hh:23[m[K,
[3.407s]                  from [01m[K/usr/include/ignition/math6/gz/math.hh:30[m[K,
[3.407s]                  from [01m[K/usr/include/ignition/math6/ignition/math.hh:18[m[K,
[3.407s]                  from [01m[K/usr/include/sdformat-9.8/sdf/Param.hh:33[m[K,
[3.407s]                  from [01m[K/usr/include/sdformat-9.8/sdf/Element.hh:28[m[K,
[3.407s]                  from [01m[K/usr/include/sdformat-9.8/sdf/Actor.hh:25[m[K,
[3.407s]                  from [01m[K/usr/include/sdformat-9.8/sdf/sdf.hh:2[m[K,
[3.407s]                  from [01m[K/usr/include/gazebo-11/gazebo/common/Battery.hh:25[m[K,
[3.407s]                  from [01m[K/usr/include/gazebo-11/gazebo/common/common.hh:8[m[K,
[3.407s]                  from [01m[K/usr/include/gazebo-11/gazebo/gazebo_core.hh:19[m[K,
[3.407s]                  from [01m[K/usr/include/gazebo-11/gazebo/gazebo.hh:20[m[K,
[3.407s]                  from [01m[K/home/leoo/Documents/GitHub/ENPM673_turtlebot_perception_challenge/enpm673_final_proj/src/animated_box.cpp:22[m[K:
[3.407s] [01m[K/usr/include/ignition/math6/gz/math/Plane.hh:133:20:[m[K [01;31m[Kerror: [m[Kâ€˜[01m[Koptional[m[Kâ€™ in namespace â€˜[01m[Kstd[m[Kâ€™ does not name a template type
[3.408s]   133 |       public: std::[01;31m[Koptional[m[K<Vector3<T>> Intersection(
[3.408s]       |                    [01;31m[K^~~~~~~~[m[K
[3.408s] [01m[K/usr/include/ignition/math6/gz/math/Plane.hh:133:15:[m[K [01;36m[Knote: [m[Kâ€˜[01m[Kstd::optional[m[Kâ€™ is only available from C++17 onwards
[3.408s]   133 |       public: [01;36m[Kstd[m[K::optional<Vector3<T>> Intersection(
[3.408s]       |               [01;36m[K^~~[m[K
[3.408s] In file included from [01m[K/usr/include/ignition/math6/gz/math.hh:30[m[K,
[3.408s]                  from [01m[K/usr/include/ignition/math6/ignition/math.hh:18[m[K,
[3.408s]                  from [01m[K/usr/include/sdformat-9.8/sdf/Param.hh:33[m[K,
[3.408s]                  from [01m[K/usr/include/sdformat-9.8/sdf/Element.hh:28[m[K,
[3.408s]                  from [01m[K/usr/include/sdformat-9.8/sdf/Actor.hh:25[m[K,
[3.408s]                  from [01m[K/usr/include/sdformat-9.8/sdf/sdf.hh:2[m[K,
[3.408s]                  from [01m[K/usr/include/gazebo-11/gazebo/common/Battery.hh:25[m[K,
[3.409s]                  from [01m[K/usr/include/gazebo-11/gazebo/common/common.hh:8[m[K,
[3.409s]                  from [01m[K/usr/include/gazebo-11/gazebo/gazebo_core.hh:19[m[K,
[3.409s]                  from [01m[K/usr/include/gazebo-11/gazebo/gazebo.hh:20[m[K,
[3.409s]                  from [01m[K/home/leoo/Documents/GitHub/ENPM673_turtlebot_perception_challenge/enpm673_final_proj/src/animated_box.cpp:22[m[K:
[3.409s] [01m[K/usr/include/ignition/math6/gz/math/Box.hh:151:20:[m[K [01;31m[Kerror: [m[Kâ€˜[01m[Koptional[m[Kâ€™ in namespace â€˜[01m[Kstd[m[Kâ€™ does not name a template type
[3.409s]   151 |       public: std::[01;31m[Koptional[m[K<Vector3<Precision>>
[3.409s]       |                    [01;31m[K^~~~~~~~[m[K
[3.409s] [01m[K/usr/include/ignition/math6/gz/math/Box.hh:151:15:[m[K [01;36m[Knote: [m[Kâ€˜[01m[Kstd::optional[m[Kâ€™ is only available from C++17 onwards
[3.409s]   151 |       public: [01;36m[Kstd[m[K::optional<Vector3<Precision>>
[3.409s]       |               [01;36m[K^~~[m[K
[3.411s] In file included from [01m[K/usr/include/ignition/math6/gz/math/Box.hh:224[m[K,
[3.411s]                  from [01m[K/usr/include/ignition/math6/gz/math.hh:30[m[K,
[3.411s]                  from [01m[K/usr/include/ignition/math6/ignition/math.hh:18[m[K,
[3.411s]                  from [01m[K/usr/include/sdformat-9.8/sdf/Param.hh:33[m[K,
[3.411s]                  from [01m[K/usr/include/sdformat-9.8/sdf/Element.hh:28[m[K,
[3.411s]                  from [01m[K/usr/include/sdformat-9.8/sdf/Actor.hh:25[m[K,
[3.411s]                  from [01m[K/usr/include/sdformat-9.8/sdf/sdf.hh:2[m[K,
[3.411s]                  from [01m[K/usr/include/gazebo-11/gazebo/common/Battery.hh:25[m[K,
[3.411s]                  from [01m[K/usr/include/gazebo-11/gazebo/common/common.hh:8[m[K,
[3.411s]                  from [01m[K/usr/include/gazebo-11/gazebo/gazebo_core.hh:19[m[K,
[3.412s]                  from [01m[K/usr/include/gazebo-11/gazebo/gazebo.hh:20[m[K,
[3.412s]                  from [01m[K/home/leoo/Documents/GitHub/ENPM673_turtlebot_perception_challenge/enpm673_final_proj/src/animated_box.cpp:22[m[K:
[3.412s] [01m[K/usr/include/ignition/math6/gz/math/detail/Box.hh:237:6:[m[K [01;31m[Kerror: [m[Kâ€˜[01m[Koptional[m[Kâ€™ in namespace â€˜[01m[Kstd[m[Kâ€™ does not name a template type
[3.412s]   237 | std::[01;31m[Koptional[m[K<Vector3<T>>
[3.412s]       |      [01;31m[K^~~~~~~~[m[K
[3.412s] [01m[K/usr/include/ignition/math6/gz/math/detail/Box.hh:237:1:[m[K [01;36m[Knote: [m[Kâ€˜[01m[Kstd::optional[m[Kâ€™ is only available from C++17 onwards
[3.412s]   237 | [01;36m[Kstd[m[K::optional<Vector3<T>>
[3.413s]       | [01;36m[K^~~[m[K
[3.413s] In file included from [01m[K/usr/include/ignition/math6/gz/math.hh:31[m[K,
[3.413s]                  from [01m[K/usr/include/ignition/math6/ignition/math.hh:18[m[K,
[3.413s]                  from [01m[K/usr/include/sdformat-9.8/sdf/Param.hh:33[m[K,
[3.413s]                  from [01m[K/usr/include/sdformat-9.8/sdf/Element.hh:28[m[K,
[3.413s]                  from [01m[K/usr/include/sdformat-9.8/sdf/Actor.hh:25[m[K,
[3.413s]                  from [01m[K/usr/include/sdformat-9.8/sdf/sdf.hh:2[m[K,
[3.413s]                  from [01m[K/usr/include/gazebo-11/gazebo/common/Battery.hh:25[m[K,
[3.413s]                  from [01m[K/usr/include/gazebo-11/gazebo/common/common.hh:8[m[K,
[3.413s]                  from [01m[K/usr/include/gazebo-11/gazebo/gazebo_core.hh:19[m[K,
[3.414s]                  from [01m[K/usr/include/gazebo-11/gazebo/gazebo.hh:20[m[K,
[3.414s]                  from [01m[K/home/leoo/Documents/GitHub/ENPM673_turtlebot_perception_challenge/enpm673_final_proj/src/animated_box.cpp:22[m[K:
[3.414s] [01m[K/usr/include/ignition/math6/gz/math/Capsule.hh:91:20:[m[K [01;31m[Kerror: [m[Kâ€˜[01m[Koptional[m[Kâ€™ in namespace â€˜[01m[Kstd[m[Kâ€™ does not name a template type
[3.414s]    91 |       public: std::[01;31m[Koptional[m[K< MassMatrix3<Precision> > MassMatrix() const;
[3.414s]       |                    [01;31m[K^~~~~~~~[m[K
[3.414s] [01m[K/usr/include/ignition/math6/gz/math/Capsule.hh:91:15:[m[K [01;36m[Knote: [m[Kâ€˜[01m[Kstd::optional[m[Kâ€™ is only available from C++17 onwards
[3.414s]    91 |       public: [01;36m[Kstd[m[K::optional< MassMatrix3<Precision> > MassMatrix() const;
[3.414s]       |               [01;36m[K^~~[m[K
[3.414s] In file included from [01m[K/usr/include/ignition/math6/gz/math/Capsule.hh:149[m[K,
[3.414s]                  from [01m[K/usr/include/ignition/math6/gz/math.hh:31[m[K,
[3.414s]                  from [01m[K/usr/include/ignition/math6/ignition/math.hh:18[m[K,
[3.414s]                  from [01m[K/usr/include/sdformat-9.8/sdf/Param.hh:33[m[K,
[3.414s]                  from [01m[K/usr/include/sdformat-9.8/sdf/Element.hh:28[m[K,
[3.414s]                  from [01m[K/usr/include/sdformat-9.8/sdf/Actor.hh:25[m[K,
[3.414s]                  from [01m[K/usr/include/sdformat-9.8/sdf/sdf.hh:2[m[K,
[3.414s]                  from [01m[K/usr/include/gazebo-11/gazebo/common/Battery.hh:25[m[K,
[3.414s]                  from [01m[K/usr/include/gazebo-11/gazebo/common/common.hh:8[m[K,
[3.414s]                  from [01m[K/usr/include/gazebo-11/gazebo/gazebo_core.hh:19[m[K,
[3.415s]                  from [01m[K/usr/include/gazebo-11/gazebo/gazebo.hh:20[m[K,
[3.415s]                  from [01m[K/home/leoo/Documents/GitHub/ENPM673_turtlebot_perception_challenge/enpm673_final_proj/src/animated_box.cpp:22[m[K:
[3.415s] [01m[K/usr/include/ignition/math6/gz/math/detail/Capsule.hh:100:6:[m[K [01;31m[Kerror: [m[Kâ€˜[01m[Koptional[m[Kâ€™ in namespace â€˜[01m[Kstd[m[Kâ€™ does not name a template type
[3.415s]   100 | std::[01;31m[Koptional[m[K< MassMatrix3<T> > Capsule<T>::MassMatrix() const
[3.415s]       |      [01;31m[K^~~~~~~~[m[K
[3.415s] [01m[K/usr/include/ignition/math6/gz/math/detail/Capsule.hh:100:1:[m[K [01;36m[Knote: [m[Kâ€˜[01m[Kstd::optional[m[Kâ€™ is only available from C++17 onwards
[3.415s]   100 | [01;36m[Kstd[m[K::optional< MassMatrix3<T> > Capsule<T>::MassMatrix() const
[3.415s]       | [01;36m[K^~~[m[K
[3.423s] In file included from [01m[K/usr/include/ignition/math6/gz/math.hh:35[m[K,
[3.424s]                  from [01m[K/usr/include/ignition/math6/ignition/math.hh:18[m[K,
[3.424s]                  from [01m[K/usr/include/sdformat-9.8/sdf/Param.hh:33[m[K,
[3.424s]                  from [01m[K/usr/include/sdformat-9.8/sdf/Element.hh:28[m[K,
[3.424s]                  from [01m[K/usr/include/sdformat-9.8/sdf/Actor.hh:25[m[K,
[3.424s]                  from [01m[K/usr/include/sdformat-9.8/sdf/sdf.hh:2[m[K,
[3.424s]                  from [01m[K/usr/include/gazebo-11/gazebo/common/Battery.hh:25[m[K,
[3.424s]                  from [01m[K/usr/include/gazebo-11/gazebo/common/common.hh:8[m[K,
[3.424s]                  from [01m[K/usr/include/gazebo-11/gazebo/gazebo_core.hh:19[m[K,
[3.424s]                  from [01m[K/usr/include/gazebo-11/gazebo/gazebo.hh:20[m[K,
[3.425s]                  from [01m[K/home/leoo/Documents/GitHub/ENPM673_turtlebot_perception_challenge/enpm673_final_proj/src/animated_box.cpp:22[m[K:
[3.425s] [01m[K/usr/include/ignition/math6/gz/math/Ellipsoid.hh:77:20:[m[K [01;31m[Kerror: [m[Kâ€˜[01m[Koptional[m[Kâ€™ in namespace â€˜[01m[Kstd[m[Kâ€™ does not name a template type
[3.425s]    77 |       public: std::[01;31m[Koptional[m[K< MassMatrix3<Precision> > MassMatrix() const;
[3.425s]       |                    [01;31m[K^~~~~~~~[m[K
[3.425s] [01m[K/usr/include/ignition/math6/gz/math/Ellipsoid.hh:77:15:[m[K [01;36m[Knote: [m[Kâ€˜[01m[Kstd::optional[m[Kâ€™ is only available from C++17 onwards
[3.425s]    77 |       public: [01;36m[Kstd[m[K::optional< MassMatrix3<Precision> > MassMatrix() const;
[3.425s]       |               [01;36m[K^~~[m[K
[3.425s] In file included from [01m[K/usr/include/ignition/math6/gz/math/Ellipsoid.hh:132[m[K,
[3.425s]                  from [01m[K/usr/include/ignition/math6/gz/math.hh:35[m[K,
[3.425s]                  from [01m[K/usr/include/ignition/math6/ignition/math.hh:18[m[K,
[3.425s]                  from [01m[K/usr/include/sdformat-9.8/sdf/Param.hh:33[m[K,
[3.425s]                  from [01m[K/usr/include/sdformat-9.8/sdf/Element.hh:28[m[K,
[3.425s]                  from [01m[K/usr/include/sdformat-9.8/sdf/Actor.hh:25[m[K,
[3.425s]                  from [01m[K/usr/include/sdformat-9.8/sdf/sdf.hh:2[m[K,
[3.425s]                  from [01m[K/usr/include/gazebo-11/gazebo/common/Battery.hh:25[m[K,
[3.426s]                  from [01m[K/usr/include/gazebo-11/gazebo/common/common.hh:8[m[K,
[3.426s]                  from [01m[K/usr/include/gazebo-11/gazebo/gazebo_core.hh:19[m[K,
[3.426s]                  from [01m[K/usr/include/gazebo-11/gazebo/gazebo.hh:20[m[K,
[3.426s]                  from [01m[K/home/leoo/Documents/GitHub/ENPM673_turtlebot_perception_challenge/enpm673_final_proj/src/animated_box.cpp:22[m[K:
[3.426s] [01m[K/usr/include/ignition/math6/gz/math/detail/Ellipsoid.hh:77:6:[m[K [01;31m[Kerror: [m[Kâ€˜[01m[Koptional[m[Kâ€™ in namespace â€˜[01m[Kstd[m[Kâ€™ does not name a template type
[3.426s]    77 | std::[01;31m[Koptional[m[K< MassMatrix3<T> > Ellipsoid<T>::MassMatrix() const
[3.426s]       |      [01;31m[K^~~~~~~~[m[K
[3.426s] [01m[K/usr/include/ignition/math6/gz/math/detail/Ellipsoid.hh:77:1:[m[K [01;36m[Knote: [m[Kâ€˜[01m[Kstd::optional[m[Kâ€™ is only available from C++17 onwards
[3.426s]    77 | [01;36m[Kstd[m[K::optional< MassMatrix3<T> > Ellipsoid<T>::MassMatrix() const
[3.426s]       | [01;36m[K^~~[m[K
[3.454s] In file included from [01m[K/usr/include/ignition/math6/gz/math.hh:57[m[K,
[3.454s]                  from [01m[K/usr/include/ignition/math6/ignition/math.hh:18[m[K,
[3.454s]                  from [01m[K/usr/include/sdformat-9.8/sdf/Param.hh:33[m[K,
[3.455s]                  from [01m[K/usr/include/sdformat-9.8/sdf/Element.hh:28[m[K,
[3.455s]                  from [01m[K/usr/include/sdformat-9.8/sdf/Actor.hh:25[m[K,
[3.455s]                  from [01m[K/usr/include/sdformat-9.8/sdf/sdf.hh:2[m[K,
[3.455s]                  from [01m[K/usr/include/gazebo-11/gazebo/common/Battery.hh:25[m[K,
[3.455s]                  from [01m[K/usr/include/gazebo-11/gazebo/common/common.hh:8[m[K,
[3.455s]                  from [01m[K/usr/include/gazebo-11/gazebo/gazebo_core.hh:19[m[K,
[3.455s]                  from [01m[K/usr/include/gazebo-11/gazebo/gazebo.hh:20[m[K,
[3.455s]                  from [01m[K/home/leoo/Documents/GitHub/ENPM673_turtlebot_perception_challenge/enpm673_final_proj/src/animated_box.cpp:22[m[K:
[3.455s] [01m[K/usr/include/ignition/math6/gz/math/Polynomial3.hh:[m[K In member function â€˜[01m[KT ignition::math::v6::Polynomial3<T>::Evaluate(const T&) const[m[Kâ€™:
[3.455s] [01m[K/usr/include/ignition/math6/gz/math/Polynomial3.hh:74:25:[m[K [01;35m[Kwarning: [m[Kcomma-separated list in using-declaration only available with â€˜[01m[K-std=c++17[m[Kâ€™ or â€˜[01m[K-std=gnu++17[m[Kâ€™
[3.455s]    74 |         using std::isnan[01;35m[K,[m[K std::isfinite;
[3.456s]       |                         [01;35m[K^[m[K
[3.456s] [01m[K/usr/include/ignition/math6/gz/math/Polynomial3.hh:81:25:[m[K [01;35m[Kwarning: [m[Kcomma-separated list in using-declaration only available with â€˜[01m[K-std=c++17[m[Kâ€™ or â€˜[01m[K-std=gnu++17[m[Kâ€™
[3.456s]    81 |           using std::abs[01;35m[K,[m[K std::copysign;
[3.456s]       |                         [01;35m[K^[m[K
[3.456s] [01m[K/usr/include/ignition/math6/gz/math/Polynomial3.hh:[m[K In member function â€˜[01m[KT ignition::math::v6::Polynomial3<T>::Minimum(const ignition::math::v6::Interval<T>&, T&) const[m[Kâ€™:
[3.456s] [01m[K/usr/include/ignition/math6/gz/math/Polynomial3.hh:141:23:[m[K [01;35m[Kwarning: [m[Kcomma-separated list in using-declaration only available with â€˜[01m[K-std=c++17[m[Kâ€™ or â€˜[01m[K-std=gnu++17[m[Kâ€™
[3.456s]   141 |         using std::abs[01;35m[K,[m[K std::sqrt;  // enable ADL
[3.456s]       |                       [01;35m[K^[m[K
[3.618s] In file included from [01m[K/usr/include/ignition/math6/gz/math.hh:67[m[K,
[3.618s]                  from [01m[K/usr/include/ignition/math6/ignition/math.hh:18[m[K,
[3.619s]                  from [01m[K/usr/include/sdformat-9.8/sdf/Param.hh:33[m[K,
[3.619s]                  from [01m[K/usr/include/sdformat-9.8/sdf/Element.hh:28[m[K,
[3.619s]                  from [01m[K/usr/include/sdformat-9.8/sdf/Actor.hh:25[m[K,
[3.619s]                  from [01m[K/usr/include/sdformat-9.8/sdf/sdf.hh:2[m[K,
[3.619s]                  from [01m[K/usr/include/gazebo-11/gazebo/common/Battery.hh:25[m[K,
[3.619s]                  from [01m[K/usr/include/gazebo-11/gazebo/common/common.hh:8[m[K,
[3.619s]                  from [01m[K/usr/include/gazebo-11/gazebo/gazebo_core.hh:19[m[K,
[3.620s]                  from [01m[K/usr/include/gazebo-11/gazebo/gazebo.hh:20[m[K,
[3.620s]                  from [01m[K/home/leoo/Documents/GitHub/ENPM673_turtlebot_perception_challenge/enpm673_final_proj/src/animated_box.cpp:22[m[K:
[3.620s] [01m[K/usr/include/ignition/math6/gz/math/Sphere.hh:[m[K At global scope:
[3.620s] [01m[K/usr/include/ignition/math6/gz/math/Sphere.hh:109:20:[m[K [01;31m[Kerror: [m[Kâ€˜[01m[Koptional[m[Kâ€™ in namespace â€˜[01m[Kstd[m[Kâ€™ does not name a template type
[3.620s]   109 |       public: std::[01;31m[Koptional[m[K<Vector3<Precision>>
[3.620s]       |                    [01;31m[K^~~~~~~~[m[K
[3.620s] [01m[K/usr/include/ignition/math6/gz/math/Sphere.hh:109:15:[m[K [01;36m[Knote: [m[Kâ€˜[01m[Kstd::optional[m[Kâ€™ is only available from C++17 onwards
[3.620s]   109 |       public: [01;36m[Kstd[m[K::optional<Vector3<Precision>>
[3.620s]       |               [01;36m[K^~~[m[K
[3.620s] In file included from [01m[K/usr/include/ignition/math6/gz/math/Sphere.hh:157[m[K,
[3.620s]                  from [01m[K/usr/include/ignition/math6/gz/math.hh:67[m[K,
[3.620s]                  from [01m[K/usr/include/ignition/math6/ignition/math.hh:18[m[K,
[3.620s]                  from [01m[K/usr/include/sdformat-9.8/sdf/Param.hh:33[m[K,
[3.620s]                  from [01m[K/usr/include/sdformat-9.8/sdf/Element.hh:28[m[K,
[3.620s]                  from [01m[K/usr/include/sdformat-9.8/sdf/Actor.hh:25[m[K,
[3.620s]                  from [01m[K/usr/include/sdformat-9.8/sdf/sdf.hh:2[m[K,
[3.620s]                  from [01m[K/usr/include/gazebo-11/gazebo/common/Battery.hh:25[m[K,
[3.620s]                  from [01m[K/usr/include/gazebo-11/gazebo/common/common.hh:8[m[K,
[3.620s]                  from [01m[K/usr/include/gazebo-11/gazebo/gazebo_core.hh:19[m[K,
[3.620s]                  from [01m[K/usr/include/gazebo-11/gazebo/gazebo.hh:20[m[K,
[3.621s]                  from [01m[K/home/leoo/Documents/GitHub/ENPM673_turtlebot_perception_challenge/enpm673_final_proj/src/animated_box.cpp:22[m[K:
[3.621s] [01m[K/usr/include/ignition/math6/gz/math/detail/Sphere.hh:123:6:[m[K [01;31m[Kerror: [m[Kâ€˜[01m[Koptional[m[Kâ€™ in namespace â€˜[01m[Kstd[m[Kâ€™ does not name a template type
[3.621s]   123 | std::[01;31m[Koptional[m[K<Vector3<T>>
[3.621s]       |      [01;31m[K^~~~~~~~[m[K
[3.621s] [01m[K/usr/include/ignition/math6/gz/math/detail/Sphere.hh:123:1:[m[K [01;36m[Knote: [m[Kâ€˜[01m[Kstd::optional[m[Kâ€™ is only available from C++17 onwards
[3.621s]   123 | [01;36m[Kstd[m[K::optional<Vector3<T>>
[3.621s]       | [01;36m[K^~~[m[K
[3.655s] In file included from [01m[K/usr/include/sdformat-9.8/sdf/Element.hh:28[m[K,
[3.656s]                  from [01m[K/usr/include/sdformat-9.8/sdf/Actor.hh:25[m[K,
[3.656s]                  from [01m[K/usr/include/sdformat-9.8/sdf/sdf.hh:2[m[K,
[3.656s]                  from [01m[K/usr/include/gazebo-11/gazebo/common/Battery.hh:25[m[K,
[3.656s]                  from [01m[K/usr/include/gazebo-11/gazebo/common/common.hh:8[m[K,
[3.656s]                  from [01m[K/usr/include/gazebo-11/gazebo/gazebo_core.hh:19[m[K,
[3.656s]                  from [01m[K/usr/include/gazebo-11/gazebo/gazebo.hh:20[m[K,
[3.656s]                  from [01m[K/home/leoo/Documents/GitHub/ENPM673_turtlebot_perception_challenge/enpm673_final_proj/src/animated_box.cpp:22[m[K:
[3.656s] [01m[K/usr/include/sdformat-9.8/sdf/Param.hh:72:57:[m[K [01;31m[Kerror: [m[Kexpected constructor, destructor, or type conversion before â€˜[01m[K;[m[Kâ€™ token
[3.656s]    72 |   template<class T> ParamStreamer(T) -> ParamStreamer<T>[01;31m[K;[m[K
[3.656s]       |                                                         [01;31m[K^[m[K
[3.656s] [01m[K/usr/include/sdformat-9.8/sdf/Param.hh:83:47:[m[K [01;31m[Kerror: [m[Kâ€˜[01m[Kvariant[m[Kâ€™ is not a member of â€˜[01m[Kstd[m[Kâ€™
[3.656s]    83 |                            ParamStreamer<std::[01;31m[Kvariant[m[K<Ts...>> sv)
[3.657s]       |                                               [01;31m[K^~~~~~~[m[K
[3.657s] [01m[K/usr/include/sdformat-9.8/sdf/Param.hh:83:47:[m[K [01;36m[Knote: [m[Kâ€˜[01m[Kstd::variant[m[Kâ€™ is only available from C++17 onwards
[3.657s] [01m[K/usr/include/sdformat-9.8/sdf/Param.hh:83:47:[m[K [01;31m[Kerror: [m[Kâ€˜[01m[Kvariant[m[Kâ€™ is not a member of â€˜[01m[Kstd[m[Kâ€™
[3.657s] [01m[K/usr/include/sdformat-9.8/sdf/Param.hh:83:47:[m[K [01;36m[Knote: [m[Kâ€˜[01m[Kstd::variant[m[Kâ€™ is only available from C++17 onwards
[3.657s] [01m[K/usr/include/sdformat-9.8/sdf/Param.hh:83:57:[m[K [01;31m[Kerror: [m[Kexpected parameter pack before â€˜[01m[K...[m[Kâ€™
[3.657s]    83 |                            ParamStreamer<std::variant<Ts[01;31m[K...[m[K>> sv)
[3.657s]       |                                                         [01;31m[K^~~[m[K
[3.657s] [01m[K/usr/include/sdformat-9.8/sdf/Param.hh:83:57:[m[K [01;31m[Kerror: [m[Ktemplate argument 1 is invalid
[3.657s] [01m[K/usr/include/sdformat-9.8/sdf/Param.hh:83:47:[m[K [01;31m[Kerror: [m[Kâ€˜[01m[Kvariant[m[Kâ€™ is not a member of â€˜[01m[Kstd[m[Kâ€™
[3.657s]    83 |                            ParamStreamer<std::[01;31m[Kvariant[m[K<Ts...>> sv)
[3.657s]       |                                               [01;31m[K^~~~~~~[m[K
[3.657s] [01m[K/usr/include/sdformat-9.8/sdf/Param.hh:83:47:[m[K [01;36m[Knote: [m[Kâ€˜[01m[Kstd::variant[m[Kâ€™ is only available from C++17 onwards
[3.658s] [01m[K/usr/include/sdformat-9.8/sdf/Param.hh:83:47:[m[K [01;31m[Kerror: [m[Kâ€˜[01m[Kvariant[m[Kâ€™ is not a member of â€˜[01m[Kstd[m[Kâ€™
[3.658s] [01m[K/usr/include/sdformat-9.8/sdf/Param.hh:83:47:[m[K [01;36m[Knote: [m[Kâ€˜[01m[Kstd::variant[m[Kâ€™ is only available from C++17 onwards
[3.658s] [01m[K/usr/include/sdformat-9.8/sdf/Param.hh:83:57:[m[K [01;31m[Kerror: [m[Kexpected parameter pack before â€˜[01m[K...[m[Kâ€™
[3.658s]    83 |                            ParamStreamer<std::variant<Ts[01;31m[K...[m[K>> sv)
[3.658s]       |                                                         [01;31m[K^~~[m[K
[3.658s] [01m[K/usr/include/sdformat-9.8/sdf/Param.hh:83:60:[m[K [01;31m[Kerror: [m[Ktemplate argument 1 is invalid
[3.658s]    83 |                            ParamStreamer<std::variant<Ts...[01;31m[K>>[m[K sv)
[3.658s]       |                                                            [01;31m[K^~[m[K
[3.658s] [01m[K/usr/include/sdformat-9.8/sdf/Param.hh:83:47:[m[K [01;31m[Kerror: [m[Kâ€˜[01m[Kvariant[m[Kâ€™ is not a member of â€˜[01m[Kstd[m[Kâ€™
[3.658s]    83 |                            ParamStreamer<std::[01;31m[Kvariant[m[K<Ts...>> sv)
[3.658s]       |                                               [01;31m[K^~~~~~~[m[K
[3.658s] [01m[K/usr/include/sdformat-9.8/sdf/Param.hh:83:47:[m[K [01;36m[Knote: [m[Kâ€˜[01m[Kstd::variant[m[Kâ€™ is only available from C++17 onwards
[3.658s] [01m[K/usr/include/sdformat-9.8/sdf/Param.hh:83:47:[m[K [01;31m[Kerror: [m[Kâ€˜[01m[Kvariant[m[Kâ€™ is not a member of â€˜[01m[Kstd[m[Kâ€™
[3.658s] [01m[K/usr/include/sdformat-9.8/sdf/Param.hh:83:47:[m[K [01;36m[Knote: [m[Kâ€˜[01m[Kstd::variant[m[Kâ€™ is only available from C++17 onwards
[3.658s] [01m[K/usr/include/sdformat-9.8/sdf/Param.hh:83:57:[m[K [01;31m[Kerror: [m[Kexpected parameter pack before â€˜[01m[K...[m[Kâ€™
[3.658s]    83 |                            ParamStreamer<std::variant<Ts[01;31m[K...[m[K>> sv)
[3.658s]       |                                                         [01;31m[K^~~[m[K
[3.659s] [01m[K/usr/include/sdformat-9.8/sdf/Param.hh:83:60:[m[K [01;31m[Kerror: [m[Ktemplate argument 1 is invalid
[3.659s]    83 |                            ParamStreamer<std::variant<Ts...[01;31m[K>>[m[K sv)
[3.659s]       |                                                            [01;31m[K^~[m[K
[3.659s] [01m[K/usr/include/sdformat-9.8/sdf/Param.hh:83:28:[m[K [01;31m[Kerror: [m[Kâ€˜[01m[KParamStreamer[m[Kâ€™ is not a type
[3.659s]    83 |                            [01;31m[KParamStreamer[m[K<std::variant<Ts...>> sv)
[3.659s]       |                            [01;31m[K^~~~~~~~~~~~~[m[K
[3.659s] [01m[K/usr/include/sdformat-9.8/sdf/Param.hh:83:41:[m[K [01;31m[Kerror: [m[Kexpected â€˜[01m[K,[m[Kâ€™ or â€˜[01m[K...[m[Kâ€™ before â€˜[01m[K<[m[Kâ€™ token
[3.659s]    83 |                            ParamStreamer[01;31m[K<[m[Kstd::variant<Ts...>> sv)
[3.659s]       |                                         [01;31m[K^[m[K
[3.659s] [01m[K/usr/include/sdformat-9.8/sdf/Param.hh:[m[K In function â€˜[01m[Kstd::ostream& sdf::v9::operator<<(std::ostream&, int)[m[Kâ€™:
[3.659s] [01m[K/usr/include/sdformat-9.8/sdf/Param.hh:85:10:[m[K [01;31m[Kerror: [m[Kâ€˜[01m[Kvisit[m[Kâ€™ is not a member of â€˜[01m[Kstd[m[Kâ€™
[3.659s]    85 |     std::[01;31m[Kvisit[m[K([&os](auto const &v)
[3.659s]       |          [01;31m[K^~~~~[m[K
[3.659s] [01m[K/usr/include/sdformat-9.8/sdf/Param.hh:85:10:[m[K [01;36m[Knote: [m[Kâ€˜[01m[Kstd::visit[m[Kâ€™ is only available from C++17 onwards
[3.659s] [01m[K/usr/include/sdformat-9.8/sdf/Param.hh:[m[K In lambda function:
[3.659s] [01m[K/usr/include/sdformat-9.8/sdf/Param.hh:87:28:[m[K [01;31m[Kerror: [m[Kmissing template arguments before â€˜[01m[K{[m[Kâ€™ token
[3.659s]    87 |         os << ParamStreamer[01;31m[K{[m[Kv};
[3.659s]       |                            [01;31m[K^[m[K
[3.660s] [01m[K/usr/include/sdformat-9.8/sdf/Param.hh:[m[K In function â€˜[01m[Kstd::ostream& sdf::v9::operator<<(std::ostream&, int)[m[Kâ€™:
[3.660s] [01m[K/usr/include/sdformat-9.8/sdf/Param.hh:88:10:[m[K [01;31m[Kerror: [m[Kâ€˜[01m[Ksv[m[Kâ€™ was not declared in this scope
[3.660s]    88 |       }, [01;31m[Ksv[m[K.val);
[3.660s]       |          [01;31m[K^~[m[K
[3.660s] [01m[K/usr/include/sdformat-9.8/sdf/Param.hh:[m[K At global scope:
[3.660s] [01m[K/usr/include/sdformat-9.8/sdf/Param.hh:173:30:[m[K [01;31m[Kerror: [m[Kâ€˜[01m[Kstd::any[m[Kâ€™ has not been declared
[3.660s]   173 |     public: bool GetAny(std::[01;31m[Kany[m[K &_anyVal) const;
[3.660s]       |                              [01;31m[K^~~[m[K
[3.663s] [01m[K/usr/include/sdformat-9.8/sdf/Param.hh:243:32:[m[K [01;31m[Kerror: [m[Kâ€˜[01m[Kany[m[Kâ€™ is not a member of â€˜[01m[Kstd[m[Kâ€™
[3.663s]   243 |     public: std::function<std::[01;31m[Kany[m[K ()> updateFunc;
[3.664s]       |                                [01;31m[K^~~[m[K
[3.664s] [01m[K/usr/include/sdformat-9.8/sdf/Param.hh:243:32:[m[K [01;36m[Knote: [m[Kâ€˜[01m[Kstd::any[m[Kâ€™ is only available from C++17 onwards
[3.664s] [01m[K/usr/include/sdformat-9.8/sdf/Param.hh:243:32:[m[K [01;31m[Kerror: [m[Kâ€˜[01m[Kany[m[Kâ€™ is not a member of â€˜[01m[Kstd[m[Kâ€™
[3.664s] [01m[K/usr/include/sdformat-9.8/sdf/Param.hh:243:32:[m[K [01;36m[Knote: [m[Kâ€˜[01m[Kstd::any[m[Kâ€™ is only available from C++17 onwards
[3.664s] [01m[K/usr/include/sdformat-9.8/sdf/Param.hh:243:38:[m[K [01;31m[Kerror: [m[Ktemplate argument 1 is invalid
[3.664s]   243 |     public: std::function<std::any ()[01;31m[K>[m[K updateFunc;
[3.664s]       |                                      [01;31m[K^[m[K
[3.664s] [01m[K/usr/include/sdformat-9.8/sdf/Param.hh:249:26:[m[K [01;31m[Kerror: [m[Kâ€˜[01m[Kvariant[m[Kâ€™ in namespace â€˜[01m[Kstd[m[Kâ€™ does not name a template type
[3.664s]   249 |     public: typedef std::[01;31m[Kvariant[m[K<bool, char, std::string, int, std::uint64_t,
[3.664s]       |                          [01;31m[K^~~~~~~[m[K
[3.664s] [01m[K/usr/include/sdformat-9.8/sdf/Param.hh:249:21:[m[K [01;36m[Knote: [m[Kâ€˜[01m[Kstd::variant[m[Kâ€™ is only available from C++17 onwards
[3.664s]   249 |     public: typedef [01;36m[Kstd[m[K::variant<bool, char, std::string, int, std::uint64_t,
[3.664s]       |                     [01;36m[K^~~[m[K
[3.668s] [01m[K/usr/include/sdformat-9.8/sdf/Param.hh:260:13:[m[K [01;31m[Kerror: [m[Kâ€˜[01m[KParamVariant[m[Kâ€™ does not name a type
[3.668s]   260 |     public: [01;31m[KParamVariant[m[K value;
[3.668s]       |             [01;31m[K^~~~~~~~~~~~[m[K
[3.672s] [01m[K/usr/include/sdformat-9.8/sdf/Param.hh:263:13:[m[K [01;31m[Kerror: [m[Kâ€˜[01m[KParamVariant[m[Kâ€™ does not name a type
[3.673s]   263 |     public: [01;31m[KParamVariant[m[K defaultValue;
[3.673s]       |             [01;31m[K^~~~~~~~~~~~[m[K
[3.673s] [01m[K/usr/include/sdformat-9.8/sdf/Param.hh:273:37:[m[K [01;31m[Kerror: [m[Kâ€˜[01m[KParamVariant[m[Kâ€™ has not been declared
[3.673s]   273 |                                     [01;31m[KParamVariant[m[K &_valueToSet) const;
[3.673s]       |                                     [01;31m[K^~~~~~~~~~~~[m[K
[3.673s] [01m[K/usr/include/sdformat-9.8/sdf/Param.hh:[m[K In member function â€˜[01m[Kstd::string sdf::v9::ParamPrivate::TypeToString() const[m[Kâ€™:
[3.673s] [01m[K/usr/include/sdformat-9.8/sdf/Param.hh:286:8:[m[K [01;35m[Kwarning: [m[Kâ€˜[01m[Kif constexpr[m[Kâ€™ only available with â€˜[01m[K-std=c++17[m[Kâ€™ or â€˜[01m[K-std=gnu++17[m[Kâ€™
[3.673s]   286 |     if [01;35m[Kconstexpr[m[K (std::is_same_v<T, bool>)
[3.673s]       |        [01;35m[K^~~~~~~~~[m[K
[3.674s] [01m[K/usr/include/sdformat-9.8/sdf/Param.hh:286:24:[m[K [01;31m[Kerror: [m[Kâ€˜[01m[Kis_same_v[m[Kâ€™ is not a member of â€˜[01m[Kstd[m[Kâ€™; did you mean â€˜[01m[Kis_same[m[Kâ€™?
[3.674s]   286 |     if constexpr (std::[01;31m[Kis_same_v[m[K<T, bool>)
[3.674s]       |                        [01;31m[K^~~~~~~~~[m[K
[3.674s]       |                        [32m[Kis_same[m[K
[3.674s] [01m[K/usr/include/sdformat-9.8/sdf/Param.hh:286:35:[m[K [01;31m[Kerror: [m[Kexpected primary-expression before â€˜[01m[K,[m[Kâ€™ token
[3.674s]   286 |     if constexpr (std::is_same_v<T[01;31m[K,[m[K bool>)
[3.674s]       |                                   [01;31m[K^[m[K
[3.674s] [01m[K/usr/include/sdformat-9.8/sdf/Param.hh:286:37:[m[K [01;31m[Kerror: [m[Kexpected primary-expression before â€˜[01m[Kbool[m[Kâ€™
[3.674s]   286 |     if constexpr (std::is_same_v<T, [01;31m[Kbool[m[K>)
[3.675s]       |                                     [01;31m[K^~~~[m[K
[3.675s] [01m[K/usr/include/sdformat-9.8/sdf/Param.hh:286:36:[m[K [01;31m[Kerror: [m[Kexpected â€˜[01m[K)[m[Kâ€™ before â€˜[01m[Kbool[m[Kâ€™
[3.675s]   286 |     if constexpr [34m[K([m[Kstd::is_same_v<T,[01;31m[K [m[K[32m[Kbool[m[K>)
[3.675s]       |                  [34m[K~[m[K                 [01;31m[K^[m[K[32m[K~~~~[m[K
[3.675s]       |                                    [32m[K)[m[K
[3.675s] [01m[K/usr/include/sdformat-9.8/sdf/Param.hh:288:13:[m[K [01;35m[Kwarning: [m[Kâ€˜[01m[Kif constexpr[m[Kâ€™ only available with â€˜[01m[K-std=c++17[m[Kâ€™ or â€˜[01m[K-std=gnu++17[m[Kâ€™
[3.676s]   288 |     else if [01;35m[Kconstexpr[m[K (std::is_same_v<T, char>)
[3.676s]       |             [01;35m[K^~~~~~~~~[m[K
[3.676s] [01m[K/usr/include/sdformat-9.8/sdf/Param.hh:288:29:[m[K [01;31m[Kerror: [m[Kâ€˜[01m[Kis_same_v[m[Kâ€™ is not a member of â€˜[01m[Kstd[m[Kâ€™; did you mean â€˜[01m[Kis_same[m[Kâ€™?
[3.676s]   288 |     else if constexpr (std::[01;31m[Kis_same_v[m[K<T, char>)
[3.677s]       |                             [01;31m[K^~~~~~~~~[m[K
[3.677s]       |                             [32m[Kis_same[m[K
[3.677s] [01m[K/usr/include/sdformat-9.8/sdf/Param.hh:288:40:[m[K [01;31m[Kerror: [m[Kexpected primary-expression before â€˜[01m[K,[m[Kâ€™ token
[3.677s]   288 |     else if constexpr (std::is_same_v<T[01;31m[K,[m[K char>)
[3.677s]       |                                        [01;31m[K^[m[K
[3.677s] [01m[K/usr/include/sdformat-9.8/sdf/Param.hh:288:42:[m[K [01;31m[Kerror: [m[Kexpected primary-expression before â€˜[01m[Kchar[m[Kâ€™
[3.677s]   288 |     else if constexpr (std::is_same_v<T, [01;31m[Kchar[m[K>)
[3.677s]       |                                          [01;31m[K^~~~[m[K
[3.677s] [01m[K/usr/include/sdformat-9.8/sdf/Param.hh:288:41:[m[K [01;31m[Kerror: [m[Kexpected â€˜[01m[K)[m[Kâ€™ before â€˜[01m[Kchar[m[Kâ€™
[3.677s]   288 |     else if constexpr [34m[K([m[Kstd::is_same_v<T,[01;31m[K [m[K[32m[Kchar[m[K>)
[3.677s]       |                       [34m[K~[m[K                 [01;31m[K^[m[K[32m[K~~~~[m[K
[3.678s]       |                                         [32m[K)[m[K
[3.678s] [01m[K/usr/include/sdformat-9.8/sdf/Param.hh:290:13:[m[K [01;35m[Kwarning: [m[Kâ€˜[01m[Kif constexpr[m[Kâ€™ only available with â€˜[01m[K-std=c++17[m[Kâ€™ or â€˜[01m[K-std=gnu++17[m[Kâ€™
[3.678s]   290 |     else if [01;35m[Kconstexpr[m[K (std::is_same_v<T, std::string>)
[3.678s]       |             [01;35m[K^~~~~~~~~[m[K
[3.678s] [01m[K/usr/include/sdformat-9.8/sdf/Param.hh:290:29:[m[K [01;31m[Kerror: [m[Kâ€˜[01m[Kis_same_v[m[Kâ€™ is not a member of â€˜[01m[Kstd[m[Kâ€™; did you mean â€˜[01m[Kis_same[m[Kâ€™?
[3.678s]   290 |     else if constexpr (std::[01;31m[Kis_same_v[m[K<T, std::string>)
[3.678s]       |                             [01;31m[K^~~~~~~~~[m[K
[3.678s]       |                             [32m[Kis_same[m[K
[3.678s] [01m[K/usr/include/sdformat-9.8/sdf/Param.hh:290:40:[m[K [01;31m[Kerror: [m[Kexpected primary-expression before â€˜[01m[K,[m[Kâ€™ token
[3.678s]   290 |     else if constexpr (std::is_same_v<T[01;31m[K,[m[K std::string>)
[3.678s]       |                                        [01;31m[K^[m[K
[3.679s] [01m[K/usr/include/sdformat-9.8/sdf/Param.hh:290:53:[m[K [01;31m[Kerror: [m[Kexpected primary-expression before â€˜[01m[K>[m[Kâ€™ token
[3.679s]   290 |     else if constexpr (std::is_same_v<T, std::string[01;31m[K>[m[K)
[3.679s]       |                                                     [01;31m[K^[m[K
[3.679s] [01m[K/usr/include/sdformat-9.8/sdf/Param.hh:290:54:[m[K [01;31m[Kerror: [m[Kexpected primary-expression before â€˜[01m[K)[m[Kâ€™ token
[3.679s]   290 |     else if constexpr (std::is_same_v<T, std::string>[01;31m[K)[m[K
[3.679s]       |                                                      [01;31m[K^[m[K
[3.679s] [01m[K/usr/include/sdformat-9.8/sdf/Param.hh:292:13:[m[K [01;35m[Kwarning: [m[Kâ€˜[01m[Kif constexpr[m[Kâ€™ only available with â€˜[01m[K-std=c++17[m[Kâ€™ or â€˜[01m[K-std=gnu++17[m[Kâ€™
[3.679s]   292 |     else if [01;35m[Kconstexpr[m[K (std::is_same_v<T, int>)
[3.679s]       |             [01;35m[K^~~~~~~~~[m[K
[3.679s] [01m[K/usr/include/sdformat-9.8/sdf/Param.hh:292:29:[m[K [01;31m[Kerror: [m[Kâ€˜[01m[Kis_same_v[m[Kâ€™ is not a member of â€˜[01m[Kstd[m[Kâ€™; did you mean â€˜[01m[Kis_same[m[Kâ€™?
[3.679s]   292 |     else if constexpr (std::[01;31m[Kis_same_v[m[K<T, int>)
[3.680s]       |                             [01;31m[K^~~~~~~~~[m[K
[3.680s]       |                             [32m[Kis_same[m[K
[3.680s] [01m[K/usr/include/sdformat-9.8/sdf/Param.hh:292:40:[m[K [01;31m[Kerror: [m[Kexpected primary-expression before â€˜[01m[K,[m[Kâ€™ token
[3.680s]   292 |     else if constexpr (std::is_same_v<T[01;31m[K,[m[K int>)
[3.680s]       |                                        [01;31m[K^[m[K
[3.680s] [01m[K/usr/include/sdformat-9.8/sdf/Param.hh:292:42:[m[K [01;31m[Kerror: [m[Kexpected primary-expression before â€˜[01m[Kint[m[Kâ€™
[3.680s]   292 |     else if constexpr (std::is_same_v<T, [01;31m[Kint[m[K>)
[3.680s]       |                                          [01;31m[K^~~[m[K
[3.680s] [01m[K/usr/include/sdformat-9.8/sdf/Param.hh:292:41:[m[K [01;31m[Kerror: [m[Kexpected â€˜[01m[K)[m[Kâ€™ before â€˜[01m[Kint[m[Kâ€™
[3.680s]   292 |     else if constexpr [34m[K([m[Kstd::is_same_v<T,[01;31m[K [m[K[32m[Kint[m[K>)
[3.680s]       |                       [34m[K~[m[K                 [01;31m[K^[m[K[32m[K~~~[m[K
[3.680s]       |                                         [32m[K)[m[K
[3.681s] [01m[K/usr/include/sdformat-9.8/sdf/Param.hh:294:13:[m[K [01;35m[Kwarning: [m[Kâ€˜[01m[Kif constexpr[m[Kâ€™ only available with â€˜[01m[K-std=c++17[m[Kâ€™ or â€˜[01m[K-std=gnu++17[m[Kâ€™
[3.681s]   294 |     else if [01;35m[Kconstexpr[m[K (std::is_same_v<T, std::uint64_t>)
[3.681s]       |             [01;35m[K^~~~~~~~~[m[K
[3.681s] [01m[K/usr/include/sdformat-9.8/sdf/Param.hh:294:29:[m[K [01;31m[Kerror: [m[Kâ€˜[01m[Kis_same_v[m[Kâ€™ is not a member of â€˜[01m[Kstd[m[Kâ€™; did you mean â€˜[01m[Kis_same[m[Kâ€™?
[3.681s]   294 |     else if constexpr (std::[01;31m[Kis_same_v[m[K<T, std::uint64_t>)
[3.681s]       |                             [01;31m[K^~~~~~~~~[m[K
[3.681s]       |                             [32m[Kis_same[m[K
[3.681s] [01m[K/usr/include/sdformat-9.8/sdf/Param.hh:294:40:[m[K [01;31m[Kerror: [m[Kexpected primary-expression before â€˜[01m[K,[m[Kâ€™ token
[3.681s]   294 |     else if constexpr (std::is_same_v<T[01;31m[K,[m[K std::uint64_t>)
[3.681s]       |                                        [01;31m[K^[m[K
[3.682s] [01m[K/usr/include/sdformat-9.8/sdf/Param.hh:294:55:[m[K [01;31m[Kerror: [m[Kexpected primary-expression before â€˜[01m[K>[m[Kâ€™ token
[3.682s]   294 |     else if constexpr (std::is_same_v<T, std::uint64_t[01;31m[K>[m[K)
[3.682s]       |                                                       [01;31m[K^[m[K
[3.682s] [01m[K/usr/include/sdformat-9.8/sdf/Param.hh:294:56:[m[K [01;31m[Kerror: [m[Kexpected primary-expression before â€˜[01m[K)[m[Kâ€™ token
[3.682s]   294 |     else if constexpr (std::is_same_v<T, std::uint64_t>[01;31m[K)[m[K
[3.682s]       |                                                        [01;31m[K^[m[K
[3.682s] [01m[K/usr/include/sdformat-9.8/sdf/Param.hh:296:13:[m[K [01;35m[Kwarning: [m[Kâ€˜[01m[Kif constexpr[m[Kâ€™ only available with â€˜[01m[K-std=c++17[m[Kâ€™ or â€˜[01m[K-std=gnu++17[m[Kâ€™
[3.682s]   296 |     else if [01;35m[Kconstexpr[m[K (std::is_same_v<T, unsigned int>)
[3.682s]       |             [01;35m[K^~~~~~~~~[m[K
[3.682s] [01m[K/usr/include/sdformat-9.8/sdf/Param.hh:296:29:[m[K [01;31m[Kerror: [m[Kâ€˜[01m[Kis_same_v[m[Kâ€™ is not a member of â€˜[01m[Kstd[m[Kâ€™; did you mean â€˜[01m[Kis_same[m[Kâ€™?
[3.682s]   296 |     else if constexpr (std::[01;31m[Kis_same_v[m[K<T, unsigned int>)
[3.682s]       |                             [01;31m[K^~~~~~~~~[m[K
[3.682s]       |                             [32m[Kis_same[m[K
[3.682s] [01m[K/usr/include/sdformat-9.8/sdf/Param.hh:296:40:[m[K [01;31m[Kerror: [m[Kexpected primary-expression before â€˜[01m[K,[m[Kâ€™ token
[3.682s]   296 |     else if constexpr (std::is_same_v<T[01;31m[K,[m[K unsigned int>)
[3.683s]       |                                        [01;31m[K^[m[K
[3.683s] [01m[K/usr/include/sdformat-9.8/sdf/Param.hh:296:42:[m[K [01;31m[Kerror: [m[Kexpected primary-expression before â€˜[01m[Kunsigned[m[Kâ€™
[3.683s]   296 |     else if constexpr (std::is_same_v<T, [01;31m[Kunsigned[m[K int>)
[3.683s]       |                                          [01;31m[K^~~~~~~~[m[K
[3.683s] [01m[K/usr/include/sdformat-9.8/sdf/Param.hh:296:41:[m[K [01;31m[Kerror: [m[Kexpected â€˜[01m[K)[m[Kâ€™ before â€˜[01m[Kunsigned[m[Kâ€™
[3.683s]   296 |     else if constexpr [34m[K([m[Kstd::is_same_v<T,[01;31m[K [m[K[32m[Kunsigned[m[K int>)
[3.683s]       |                       [34m[K~[m[K                 [01;31m[K^[m[K[32m[K~~~~~~~~[m[K
[3.683s]       |                                         [32m[K)[m[K
[3.684s] [01m[K/usr/include/sdformat-9.8/sdf/Param.hh:298:13:[m[K [01;35m[Kwarning: [m[Kâ€˜[01m[Kif constexpr[m[Kâ€™ only available with â€˜[01m[K-std=c++17[m[Kâ€™ or â€˜[01m[K-std=gnu++17[m[Kâ€™
[3.684s]   298 |     else if [01;35m[Kconstexpr[m[K (std::is_same_v<T, double>)
[3.684s]       |             [01;35m[K^~~~~~~~~[m[K
[3.684s] [01m[K/usr/include/sdformat-9.8/sdf/Param.hh:298:29:[m[K [01;31m[Kerror: [m[Kâ€˜[01m[Kis_same_v[m[Kâ€™ is not a member of â€˜[01m[Kstd[m[Kâ€™; did you mean â€˜[01m[Kis_same[m[Kâ€™?
[3.684s]   298 |     else if constexpr (std::[01;31m[Kis_same_v[m[K<T, double>)
[3.684s]       |                             [01;31m[K^~~~~~~~~[m[K
[3.684s]       |                             [32m[Kis_same[m[K
[3.684s] [01m[K/usr/include/sdformat-9.8/sdf/Param.hh:298:40:[m[K [01;31m[Kerror: [m[Kexpected primary-expression before â€˜[01m[K,[m[Kâ€™ token
[3.684s]   298 |     else if constexpr (std::is_same_v<T[01;31m[K,[m[K double>)
[3.684s]       |                                        [01;31m[K^[m[K
[3.684s] [01m[K/usr/include/sdformat-9.8/sdf/Param.hh:298:42:[m[K [01;31m[Kerror: [m[Kexpected primary-expression before â€˜[01m[Kdouble[m[Kâ€™
[3.684s]   298 |     else if constexpr (std::is_same_v<T, [01;31m[Kdouble[m[K>)
[3.684s]       |                                          [01;31m[K^~~~~~[m[K
[3.684s] [01m[K/usr/include/sdformat-9.8/sdf/Param.hh:298:41:[m[K [01;31m[Kerror: [m[Kexpected â€˜[01m[K)[m[Kâ€™ before â€˜[01m[Kdouble[m[Kâ€™
[3.684s]   298 |     else if constexpr [34m[K([m[Kstd::is_same_v<T,[01;31m[K [m[K[32m[Kdouble[m[K>)
[3.684s]       |                       [34m[K~[m[K                 [01;31m[K^[m[K[32m[K~~~~~~[m[K
[3.685s]       |                                         [32m[K)[m[K
[3.685s] [01m[K/usr/include/sdformat-9.8/sdf/Param.hh:300:13:[m[K [01;35m[Kwarning: [m[Kâ€˜[01m[Kif constexpr[m[Kâ€™ only available with â€˜[01m[K-std=c++17[m[Kâ€™ or â€˜[01m[K-std=gnu++17[m[Kâ€™
[3.685s]   300 |     else if [01;35m[Kconstexpr[m[K (std::is_same_v<T, float>)
[3.685s]       |             [01;35m[K^~~~~~~~~[m[K
[3.685s] [01m[K/usr/include/sdformat-9.8/sdf/Param.hh:300:29:[m[K [01;31m[Kerror: [m[Kâ€˜[01m[Kis_same_v[m[Kâ€™ is not a member of â€˜[01m[Kstd[m[Kâ€™; did you mean â€˜[01m[Kis_same[m[Kâ€™?
[3.685s]   300 |     else if constexpr (std::[01;31m[Kis_same_v[m[K<T, float>)
[3.685s]       |                             [01;31m[K^~~~~~~~~[m[K
[3.685s]       |                             [32m[Kis_same[m[K
[3.685s] [01m[K/usr/include/sdformat-9.8/sdf/Param.hh:300:40:[m[K [01;31m[Kerror: [m[Kexpected primary-expression before â€˜[01m[K,[m[Kâ€™ token
[3.685s]   300 |     else if constexpr (std::is_same_v<T[01;31m[K,[m[K float>)
[3.685s]       |                                        [01;31m[K^[m[K
[3.685s] [01m[K/usr/include/sdformat-9.8/sdf/Param.hh:300:42:[m[K [01;31m[Kerror: [m[Kexpected primary-expression before â€˜[01m[Kfloat[m[Kâ€™
[3.685s]   300 |     else if constexpr (std::is_same_v<T, [01;31m[Kfloat[m[K>)
[3.685s]       |                                          [01;31m[K^~~~~[m[K
[3.686s] [01m[K/usr/include/sdformat-9.8/sdf/Param.hh:300:41:[m[K [01;31m[Kerror: [m[Kexpected â€˜[01m[K)[m[Kâ€™ before â€˜[01m[Kfloat[m[Kâ€™
[3.686s]   300 |     else if constexpr [34m[K([m[Kstd::is_same_v<T,[01;31m[K [m[K[32m[Kfloat[m[K>)
[3.686s]       |                       [34m[K~[m[K                 [01;31m[K^[m[K[32m[K~~~~~[m[K
[3.686s]       |                                         [32m[K)[m[K
[3.686s] [01m[K/usr/include/sdformat-9.8/sdf/Param.hh:302:13:[m[K [01;35m[Kwarning: [m[Kâ€˜[01m[Kif constexpr[m[Kâ€™ only available with â€˜[01m[K-std=c++17[m[Kâ€™ or â€˜[01m[K-std=gnu++17[m[Kâ€™
[3.686s]   302 |     else if [01;35m[Kconstexpr[m[K (std::is_same_v<T, sdf::Time>)
[3.686s]       |             [01;35m[K^~~~~~~~~[m[K
[3.686s] [01m[K/usr/include/sdformat-9.8/sdf/Param.hh:302:29:[m[K [01;31m[Kerror: [m[Kâ€˜[01m[Kis_same_v[m[Kâ€™ is not a member of â€˜[01m[Kstd[m[Kâ€™; did you mean â€˜[01m[Kis_same[m[Kâ€™?
[3.686s]   302 |     else if constexpr (std::[01;31m[Kis_same_v[m[K<T, sdf::Time>)
[3.686s]       |                             [01;31m[K^~~~~~~~~[m[K
[3.686s]       |                             [32m[Kis_same[m[K
[3.686s] [01m[K/usr/include/sdformat-9.8/sdf/Param.hh:302:40:[m[K [01;31m[Kerror: [m[Kexpected primary-expression before â€˜[01m[K,[m[Kâ€™ token
[3.686s]   302 |     else if constexpr (std::is_same_v<T[01;31m[K,[m[K sdf::Time>)
[3.686s]       |                                        [01;31m[K^[m[K
[3.686s] [01m[K/usr/include/sdformat-9.8/sdf/Param.hh:302:51:[m[K [01;31m[Kerror: [m[Kexpected primary-expression before â€˜[01m[K>[m[Kâ€™ token
[3.686s]   302 |     else if constexpr (std::is_same_v<T, sdf::Time[01;31m[K>[m[K)
[3.686s]       |                                                   [01;31m[K^[m[K
[3.687s] [01m[K/usr/include/sdformat-9.8/sdf/Param.hh:302:52:[m[K [01;31m[Kerror: [m[Kexpected primary-expression before â€˜[01m[K)[m[Kâ€™ token
[3.687s]   302 |     else if constexpr (std::is_same_v<T, sdf::Time>[01;31m[K)[m[K
[3.687s]       |                                                    [01;31m[K^[m[K
[3.687s] [01m[K/usr/include/sdformat-9.8/sdf/Param.hh:304:13:[m[K [01;35m[Kwarning: [m[Kâ€˜[01m[Kif constexpr[m[Kâ€™ only available with â€˜[01m[K-std=c++17[m[Kâ€™ or â€˜[01m[K-std=gnu++17[m[Kâ€™
[3.687s]   304 |     else if [01;35m[Kconstexpr[m[K (std::is_same_v<T, ignition::math::Angle>)
[3.687s]       |             [01;35m[K^~~~~~~~~[m[K
[3.687s] [01m[K/usr/include/sdformat-9.8/sdf/Param.hh:304:29:[m[K [01;31m[Kerror: [m[Kâ€˜[01m[Kis_same_v[m[Kâ€™ is not a member of â€˜[01m[Kstd[m[Kâ€™; did you mean â€˜[01m[Kis_same[m[Kâ€™?
[3.687s]   304 |     else if constexpr (std::[01;31m[Kis_same_v[m[K<T, ignition::math::Angle>)
[3.687s]       |                             [01;31m[K^~~~~~~~~[m[K
[3.687s]       |                             [32m[Kis_same[m[K
[3.687s] [01m[K/usr/include/sdformat-9.8/sdf/Param.hh:304:40:[m[K [01;31m[Kerror: [m[Kexpected primary-expression before â€˜[01m[K,[m[Kâ€™ token
[3.687s]   304 |     else if constexpr (std::is_same_v<T[01;31m[K,[m[K ignition::math::Angle>)
[3.687s]       |                                        [01;31m[K^[m[K
[3.687s] [01m[K/usr/include/sdformat-9.8/sdf/Param.hh:304:63:[m[K [01;31m[Kerror: [m[Kexpected primary-expression before â€˜[01m[K>[m[Kâ€™ token
[3.687s]   304 |     else if constexpr (std::is_same_v<T, ignition::math::Angle[01;31m[K>[m[K)
[3.687s]       |                                                               [01;31m[K^[m[K
[3.688s] [01m[K/usr/include/sdformat-9.8/sdf/Param.hh:304:64:[m[K [01;31m[Kerror: [m[Kexpected primary-expression before â€˜[01m[K)[m[Kâ€™ token
[3.688s]   304 |     else if constexpr (std::is_same_v<T, ignition::math::Angle>[01;31m[K)[m[K
[3.688s]       |                                                                [01;31m[K^[m[K
[3.688s] [01m[K/usr/include/sdformat-9.8/sdf/Param.hh:306:13:[m[K [01;35m[Kwarning: [m[Kâ€˜[01m[Kif constexpr[m[Kâ€™ only available with â€˜[01m[K-std=c++17[m[Kâ€™ or â€˜[01m[K-std=gnu++17[m[Kâ€™
[3.688s]   306 |     else if [01;35m[Kconstexpr[m[K (std::is_same_v<T, ignition::math::Color>)
[3.688s]       |             [01;35m[K^~~~~~~~~[m[K
[3.688s] [01m[K/usr/include/sdformat-9.8/sdf/Param.hh:306:29:[m[K [01;31m[Kerror: [m[Kâ€˜[01m[Kis_same_v[m[Kâ€™ is not a member of â€˜[01m[Kstd[m[Kâ€™; did you mean â€˜[01m[Kis_same[m[Kâ€™?
[3.688s]   306 |     else if constexpr (std::[01;31m[Kis_same_v[m[K<T, ignition::math::Color>)
[3.688s]       |                             [01;31m[K^~~~~~~~~[m[K
[3.688s]       |                             [32m[Kis_same[m[K
[3.688s] [01m[K/usr/include/sdformat-9.8/sdf/Param.hh:306:40:[m[K [01;31m[Kerror: [m[Kexpected primary-expression before â€˜[01m[K,[m[Kâ€™ token
[3.688s]   306 |     else if constexpr (std::is_same_v<T[01;31m[K,[m[K ignition::math::Color>)
[3.688s]       |                                        [01;31m[K^[m[K
[3.688s] [01m[K/usr/include/sdformat-9.8/sdf/Param.hh:306:63:[m[K [01;31m[Kerror: [m[Kexpected primary-expression before â€˜[01m[K>[m[Kâ€™ token
[3.689s]   306 |     else if constexpr (std::is_same_v<T, ignition::math::Color[01;31m[K>[m[K)
[3.689s]       |                                                               [01;31m[K^[m[K
[3.689s] [01m[K/usr/include/sdformat-9.8/sdf/Param.hh:306:64:[m[K [01;31m[Kerror: [m[Kexpected primary-expression before â€˜[01m[K)[m[Kâ€™ token
[3.689s]   306 |     else if constexpr (std::is_same_v<T, ignition::math::Color>[01;31m[K)[m[K
[3.689s]       |                                                                [01;31m[K^[m[K
[3.689s] [01m[K/usr/include/sdformat-9.8/sdf/Param.hh:308:13:[m[K [01;35m[Kwarning: [m[Kâ€˜[01m[Kif constexpr[m[Kâ€™ only available with â€˜[01m[K-std=c++17[m[Kâ€™ or â€˜[01m[K-std=gnu++17[m[Kâ€™
[3.689s]   308 |     else if [01;35m[Kconstexpr[m[K (std::is_same_v<T, ignition::math::Vector2i>)
[3.689s]       |             [01;35m[K^~~~~~~~~[m[K
[3.689s] [01m[K/usr/include/sdformat-9.8/sdf/Param.hh:308:29:[m[K [01;31m[Kerror: [m[Kâ€˜[01m[Kis_same_v[m[Kâ€™ is not a member of â€˜[01m[Kstd[m[Kâ€™; did you mean â€˜[01m[Kis_same[m[Kâ€™?
[3.689s]   308 |     else if constexpr (std::[01;31m[Kis_same_v[m[K<T, ignition::math::Vector2i>)
[3.689s]       |                             [01;31m[K^~~~~~~~~[m[K
[3.689s]       |                             [32m[Kis_same[m[K
[3.689s] [01m[K/usr/include/sdformat-9.8/sdf/Param.hh:308:40:[m[K [01;31m[Kerror: [m[Kexpected primary-expression before â€˜[01m[K,[m[Kâ€™ token
[3.689s]   308 |     else if constexpr (std::is_same_v<T[01;31m[K,[m[K ignition::math::Vector2i>)
[3.689s]       |                                        [01;31m[K^[m[K
[3.690s] [01m[K/usr/include/sdformat-9.8/sdf/Param.hh:308:66:[m[K [01;31m[Kerror: [m[Kexpected primary-expression before â€˜[01m[K>[m[Kâ€™ token
[3.690s]   308 |     else if constexpr (std::is_same_v<T, ignition::math::Vector2i[01;31m[K>[m[K)
[3.690s]       |                                                                  [01;31m[K^[m[K
[3.690s] [01m[K/usr/include/sdformat-9.8/sdf/Param.hh:308:67:[m[K [01;31m[Kerror: [m[Kexpected primary-expression before â€˜[01m[K)[m[Kâ€™ token
[3.690s]   308 |     else if constexpr (std::is_same_v<T, ignition::math::Vector2i>[01;31m[K)[m[K
[3.690s]       |                                                                   [01;31m[K^[m[K
[3.690s] [01m[K/usr/include/sdformat-9.8/sdf/Param.hh:310:13:[m[K [01;35m[Kwarning: [m[Kâ€˜[01m[Kif constexpr[m[Kâ€™ only available with â€˜[01m[K-std=c++17[m[Kâ€™ or â€˜[01m[K-std=gnu++17[m[Kâ€™
[3.690s]   310 |     else if [01;35m[Kconstexpr[m[K (std::is_same_v<T, ignition::math::Vector2d>)
[3.690s]       |             [01;35m[K^~~~~~~~~[m[K
[3.690s] [01m[K/usr/include/sdformat-9.8/sdf/Param.hh:310:29:[m[K [01;31m[Kerror: [m[Kâ€˜[01m[Kis_same_v[m[Kâ€™ is not a member of â€˜[01m[Kstd[m[Kâ€™; did you mean â€˜[01m[Kis_same[m[Kâ€™?
[3.690s]   310 |     else if constexpr (std::[01;31m[Kis_same_v[m[K<T, ignition::math::Vector2d>)
[3.690s]       |                             [01;31m[K^~~~~~~~~[m[K
[3.690s]       |                             [32m[Kis_same[m[K
[3.690s] [01m[K/usr/include/sdformat-9.8/sdf/Param.hh:310:40:[m[K [01;31m[Kerror: [m[Kexpected primary-expression before â€˜[01m[K,[m[Kâ€™ token
[3.690s]   310 |     else if constexpr (std::is_same_v<T[01;31m[K,[m[K ignition::math::Vector2d>)
[3.691s]       |                                        [01;31m[K^[m[K
[3.691s] [01m[K/usr/include/sdformat-9.8/sdf/Param.hh:310:66:[m[K [01;31m[Kerror: [m[Kexpected primary-expression before â€˜[01m[K>[m[Kâ€™ token
[3.691s]   310 |     else if constexpr (std::is_same_v<T, ignition::math::Vector2d[01;31m[K>[m[K)
[3.691s]       |                                                                  [01;31m[K^[m[K
[3.691s] [01m[K/usr/include/sdformat-9.8/sdf/Param.hh:310:67:[m[K [01;31m[Kerror: [m[Kexpected primary-expression before â€˜[01m[K)[m[Kâ€™ token
[3.691s]   310 |     else if constexpr (std::is_same_v<T, ignition::math::Vector2d>[01;31m[K)[m[K
[3.691s]       |                                                                   [01;31m[K^[m[K
[3.691s] [01m[K/usr/include/sdformat-9.8/sdf/Param.hh:312:13:[m[K [01;35m[Kwarning: [m[Kâ€˜[01m[Kif constexpr[m[Kâ€™ only available with â€˜[01m[K-std=c++17[m[Kâ€™ or â€˜[01m[K-std=gnu++17[m[Kâ€™
[3.691s]   312 |     else if [01;35m[Kconstexpr[m[K (std::is_same_v<T, ignition::math::Vector3d>)
[3.691s]       |             [01;35m[K^~~~~~~~~[m[K
[3.691s] [01m[K/usr/include/sdformat-9.8/sdf/Param.hh:312:29:[m[K [01;31m[Kerror: [m[Kâ€˜[01m[Kis_same_v[m[Kâ€™ is not a member of â€˜[01m[Kstd[m[Kâ€™; did you mean â€˜[01m[Kis_same[m[Kâ€™?
[3.691s]   312 |     else if constexpr (std::[01;31m[Kis_same_v[m[K<T, ignition::math::Vector3d>)
[3.691s]       |                             [01;31m[K^~~~~~~~~[m[K
[3.692s]       |                             [32m[Kis_same[m[K
[3.692s] [01m[K/usr/include/sdformat-9.8/sdf/Param.hh:312:40:[m[K [01;31m[Kerror: [m[Kexpected primary-expression before â€˜[01m[K,[m[Kâ€™ token
[3.692s]   312 |     else if constexpr (std::is_same_v<T[01;31m[K,[m[K ignition::math::Vector3d>)
[3.692s]       |                                        [01;31m[K^[m[K
[3.692s] [01m[K/usr/include/sdformat-9.8/sdf/Param.hh:312:66:[m[K [01;31m[Kerror: [m[Kexpected primary-expression before â€˜[01m[K>[m[Kâ€™ token
[3.692s]   312 |     else if constexpr (std::is_same_v<T, ignition::math::Vector3d[01;31m[K>[m[K)
[3.692s]       |                                                                  [01;31m[K^[m[K
[3.692s] [01m[K/usr/include/sdformat-9.8/sdf/Param.hh:312:67:[m[K [01;31m[Kerror: [m[Kexpected primary-expression before â€˜[01m[K)[m[Kâ€™ token
[3.692s]   312 |     else if constexpr (std::is_same_v<T, ignition::math::Vector3d>[01;31m[K)[m[K
[3.692s]       |                                                                   [01;31m[K^[m[K
[3.692s] [01m[K/usr/include/sdformat-9.8/sdf/Param.hh:314:13:[m[K [01;35m[Kwarning: [m[Kâ€˜[01m[Kif constexpr[m[Kâ€™ only available with â€˜[01m[K-std=c++17[m[Kâ€™ or â€˜[01m[K-std=gnu++17[m[Kâ€™
[3.692s]   314 |     else if [01;35m[Kconstexpr[m[K (std::is_same_v<T, ignition::math::Quaterniond>)
[3.692s]       |             [01;35m[K^~~~~~~~~[m[K
[3.692s] [01m[K/usr/include/sdformat-9.8/sdf/Param.hh:314:29:[m[K [01;31m[Kerror: [m[Kâ€˜[01m[Kis_same_v[m[Kâ€™ is not a member of â€˜[01m[Kstd[m[Kâ€™; did you mean â€˜[01m[Kis_same[m[Kâ€™?
[3.692s]   314 |     else if constexpr (std::[01;31m[Kis_same_v[m[K<T, ignition::math::Quaterniond>)
[3.692s]       |                             [01;31m[K^~~~~~~~~[m[K
[3.692s]       |                             [32m[Kis_same[m[K
[3.693s] [01m[K/usr/include/sdformat-9.8/sdf/Param.hh:314:40:[m[K [01;31m[Kerror: [m[Kexpected primary-expression before â€˜[01m[K,[m[Kâ€™ token
[3.693s]   314 |     else if constexpr (std::is_same_v<T[01;31m[K,[m[K ignition::math::Quaterniond>)
[3.693s]       |                                        [01;31m[K^[m[K
[3.693s] [01m[K/usr/include/sdformat-9.8/sdf/Param.hh:314:69:[m[K [01;31m[Kerror: [m[Kexpected primary-expression before â€˜[01m[K>[m[Kâ€™ token
[3.693s]   314 |     else if constexpr (std::is_same_v<T, ignition::math::Quaterniond[01;31m[K>[m[K)
[3.693s]       |                                                                     [01;31m[K^[m[K
[3.693s] [01m[K/usr/include/sdformat-9.8/sdf/Param.hh:314:70:[m[K [01;31m[Kerror: [m[Kexpected primary-expression before â€˜[01m[K)[m[Kâ€™ token
[3.693s]   314 |     else if constexpr (std::is_same_v<T, ignition::math::Quaterniond>[01;31m[K)[m[K
[3.693s]       |                                                                      [01;31m[K^[m[K
[3.693s] [01m[K/usr/include/sdformat-9.8/sdf/Param.hh:316:13:[m[K [01;35m[Kwarning: [m[Kâ€˜[01m[Kif constexpr[m[Kâ€™ only available with â€˜[01m[K-std=c++17[m[Kâ€™ or â€˜[01m[K-std=gnu++17[m[Kâ€™
[3.693s]   316 |     else if [01;35m[Kconstexpr[m[K (std::is_same_v<T, ignition::math::Pose3d>)
[3.693s]       |             [01;35m[K^~~~~~~~~[m[K
[3.693s] [01m[K/usr/include/sdformat-9.8/sdf/Param.hh:316:29:[m[K [01;31m[Kerror: [m[Kâ€˜[01m[Kis_same_v[m[Kâ€™ is not a member of â€˜[01m[Kstd[m[Kâ€™; did you mean â€˜[01m[Kis_same[m[Kâ€™?
[3.694s]   316 |     else if constexpr (std::[01;31m[Kis_same_v[m[K<T, ignition::math::Pose3d>)
[3.694s]       |                             [01;31m[K^~~~~~~~~[m[K
[3.694s]       |                             [32m[Kis_same[m[K
[3.694s] [01m[K/usr/include/sdformat-9.8/sdf/Param.hh:316:40:[m[K [01;31m[Kerror: [m[Kexpected primary-expression before â€˜[01m[K,[m[Kâ€™ token
[3.694s]   316 |     else if constexpr (std::is_same_v<T[01;31m[K,[m[K ignition::math::Pose3d>)
[3.694s]       |                                        [01;31m[K^[m[K
[3.694s] [01m[K/usr/include/sdformat-9.8/sdf/Param.hh:316:64:[m[K [01;31m[Kerror: [m[Kexpected primary-expression before â€˜[01m[K>[m[Kâ€™ token
[3.694s]   316 |     else if constexpr (std::is_same_v<T, ignition::math::Pose3d[01;31m[K>[m[K)
[3.694s]       |                                                                [01;31m[K^[m[K
[3.694s] [01m[K/usr/include/sdformat-9.8/sdf/Param.hh:316:65:[m[K [01;31m[Kerror: [m[Kexpected primary-expression before â€˜[01m[K)[m[Kâ€™ token
[3.694s]   316 |     else if constexpr (std::is_same_v<T, ignition::math::Pose3d>[01;31m[K)[m[K
[3.694s]       |                                                                 [01;31m[K^[m[K
[3.694s] [01m[K/usr/include/sdformat-9.8/sdf/Param.hh:[m[K In member function â€˜[01m[Kbool sdf::v9::Param::Get(T&) const[m[Kâ€™:
[3.694s] [01m[K/usr/include/sdformat-9.8/sdf/Param.hh:353:21:[m[K [01;31m[Kerror: [m[Kâ€˜[01m[Kget_if[m[Kâ€™ is not a member of â€˜[01m[Kstd[m[Kâ€™; did you mean â€˜[01m[Kget_time[m[Kâ€™?
[3.694s]   353 |     T *value = std::[01;31m[Kget_if[m[K<T>(&this->dataPtr->value);
[3.694s]       |                     [01;31m[K^~~~~~[m[K
[3.694s]       |                     [32m[Kget_time[m[K
[3.694s] [01m[K/usr/include/sdformat-9.8/sdf/Param.hh:353:29:[m[K [01;31m[Kerror: [m[Kexpected primary-expression before â€˜[01m[K>[m[Kâ€™ token
[3.695s]   353 |     T *value = std::get_if<T[01;31m[K>[m[K(&this->dataPtr->value);
[3.695s]       |                             [01;31m[K^[m[K
[3.695s] [01m[K/usr/include/sdformat-9.8/sdf/Param.hh:353:47:[m[K [01;31m[Kerror: [m[Kâ€˜[01m[Kclass sdf::v9::ParamPrivate[m[Kâ€™ has no member named â€˜[01m[Kvalue[m[Kâ€™
[3.695s]   353 |     T *value = std::get_if<T>(&this->dataPtr->[01;31m[Kvalue[m[K);
[3.695s]       |                                               [01;31m[K^~~~~[m[K
[3.695s] [01m[K/usr/include/sdformat-9.8/sdf/Param.hh:368:21:[m[K [01;31m[Kerror: [m[Kâ€˜[01m[KParamVariant[m[Kâ€™ is not a member of â€˜[01m[Ksdf::v9::ParamPrivate[m[Kâ€™
[3.695s]   368 |       ParamPrivate::[01;31m[KParamVariant[m[K pv;
[3.695s]       |                     [01;31m[K^~~~~~~~~~~~[m[K
[3.695s] [01m[K/usr/include/sdformat-9.8/sdf/Param.hh:369:76:[m[K [01;31m[Kerror: [m[Kâ€˜[01m[Kpv[m[Kâ€™ was not declared in this scope
[3.695s]   369 |       bool success = this->dataPtr->ValueFromStringImpl(typeStr, valueStr, [01;31m[Kpv[m[K);
[3.695s]       |                                                                            [01;31m[K^~[m[K
[3.695s] [01m[K/usr/include/sdformat-9.8/sdf/Param.hh:[m[K In member function â€˜[01m[Kbool sdf::v9::Param::GetDefault(T&) const[m[Kâ€™:
[3.695s] [01m[K/usr/include/sdformat-9.8/sdf/Param.hh:406:26:[m[K [01;31m[Kerror: [m[Kmissing template arguments before â€˜[01m[K{[m[Kâ€™ token
[3.695s]   406 |       ss << ParamStreamer[01;31m[K{[m[Kthis->dataPtr->defaultValue};
[3.695s]       |                          [01;31m[K^[m[K
[3.696s] [01m[K/usr/include/sdformat-9.8/sdf/Param.hh:[m[K In member function â€˜[01m[Kbool sdf::v9::Param::IsType() const[m[Kâ€™:
[3.696s] [01m[K/usr/include/sdformat-9.8/sdf/Param.hh:426:17:[m[K [01;31m[Kerror: [m[Kâ€˜[01m[Kholds_alternative[m[Kâ€™ is not a member of â€˜[01m[Kstd[m[Kâ€™
[3.696s]   426 |     return std::[01;31m[Kholds_alternative[m[K<Type>(this->dataPtr->value);
[3.696s]       |                 [01;31m[K^~~~~~~~~~~~~~~~~[m[K
[3.696s] [01m[K/usr/include/sdformat-9.8/sdf/Param.hh:426:39:[m[K [01;31m[Kerror: [m[Kexpected primary-expression before â€˜[01m[K>[m[Kâ€™ token
[3.696s]   426 |     return std::holds_alternative<Type[01;31m[K>[m[K(this->dataPtr->value);
[3.696s]       |                                       [01;31m[K^[m[K
[3.696s] [01m[K/usr/include/sdformat-9.8/sdf/Param.hh:426:56:[m[K [01;31m[Kerror: [m[Kâ€˜[01m[Kclass sdf::v9::ParamPrivate[m[Kâ€™ has no member named â€˜[01m[Kvalue[m[Kâ€™
[3.696s]   426 |     return std::holds_alternative<Type>(this->dataPtr->[01;31m[Kvalue[m[K);
[3.696s]       |                                                        [01;31m[K^~~~~[m[K
[3.696s] In file included from [01m[K/usr/include/sdformat-9.8/sdf/Actor.hh:25[m[K,
[3.696s]                  from [01m[K/usr/include/sdformat-9.8/sdf/sdf.hh:2[m[K,
[3.696s]                  from [01m[K/usr/include/gazebo-11/gazebo/common/Battery.hh:25[m[K,
[3.696s]                  from [01m[K/usr/include/gazebo-11/gazebo/common/common.hh:8[m[K,
[3.696s]                  from [01m[K/usr/include/gazebo-11/gazebo/gazebo_core.hh:19[m[K,
[3.696s]                  from [01m[K/usr/include/gazebo-11/gazebo/gazebo.hh:20[m[K,
[3.696s]                  from [01m[K/home/leoo/Documents/GitHub/ENPM673_turtlebot_perception_challenge/enpm673_final_proj/src/animated_box.cpp:22[m[K:
[3.697s] [01m[K/usr/include/sdformat-9.8/sdf/Element.hh:[m[K At global scope:
[3.697s] [01m[K/usr/include/sdformat-9.8/sdf/Element.hh:279:18:[m[K [01;31m[Kerror: [m[Kâ€˜[01m[Kany[m[Kâ€™ in namespace â€˜[01m[Kstd[m[Kâ€™ does not name a type
[3.697s]   279 |     public: std::[01;31m[Kany[m[K GetAny(const std::string &_key = "") const;
[3.697s]       |                  [01;31m[K^~~[m[K
[3.697s] [01m[K/usr/include/sdformat-9.8/sdf/Element.hh:279:13:[m[K [01;36m[Knote: [m[Kâ€˜[01m[Kstd::any[m[Kâ€™ is only available from C++17 onwards
[3.697s]   279 |     public: [01;36m[Kstd[m[K::any GetAny(const std::string &_key = "") const;
[3.697s]       |             [01;36m[K^~~[m[K
[7.138s] In file included from [01m[K/usr/include/ignition/transport8/ignition/transport/Node.hh:42[m[K,
[7.138s]                  from [01m[K/usr/include/gazebo-11/gazebo/physics/Entity.hh:25[m[K,
[7.138s]                  from [01m[K/usr/include/gazebo-11/gazebo/physics/Model.hh:30[m[K,
[7.138s]                  from [01m[K/usr/include/gazebo-11/gazebo/physics/Actor.hh:27[m[K,
[7.138s]                  from [01m[K/usr/include/gazebo-11/gazebo/physics/physics.hh:2[m[K,
[7.138s]                  from [01m[K/home/leoo/Documents/GitHub/ENPM673_turtlebot_perception_challenge/enpm673_final_proj/src/animated_box.cpp:24[m[K:
[7.138s] [01m[K/usr/include/ignition/transport8/ignition/transport/NodeShared.hh:298:20:[m[K [01;31m[Kerror: [m[Kâ€˜[01m[Koptional[m[Kâ€™ in namespace â€˜[01m[Kstd[m[Kâ€™ does not name a template type
[7.138s]   298 |       public: std::[01;31m[Koptional[m[K<TopicStatistics> TopicStats(
[7.138s]       |                    [01;31m[K^~~~~~~~[m[K
[7.138s] [01m[K/usr/include/ignition/transport8/ignition/transport/NodeShared.hh:298:15:[m[K [01;36m[Knote: [m[Kâ€˜[01m[Kstd::optional[m[Kâ€™ is only available from C++17 onwards
[7.138s]   298 |       public: [01;36m[Kstd[m[K::optional<TopicStatistics> TopicStats(
[7.138s]       |               [01;36m[K^~~[m[K
[7.175s] In file included from [01m[K/usr/include/gazebo-11/gazebo/physics/Entity.hh:25[m[K,
[7.175s]                  from [01m[K/usr/include/gazebo-11/gazebo/physics/Model.hh:30[m[K,
[7.175s]                  from [01m[K/usr/include/gazebo-11/gazebo/physics/Actor.hh:27[m[K,
[7.175s]                  from [01m[K/usr/include/gazebo-11/gazebo/physics/physics.hh:2[m[K,
[7.175s]                  from [01m[K/home/leoo/Documents/GitHub/ENPM673_turtlebot_perception_challenge/enpm673_final_proj/src/animated_box.cpp:24[m[K:
[7.175s] [01m[K/usr/include/ignition/transport8/ignition/transport/Node.hh:740:20:[m[K [01;31m[Kerror: [m[Kâ€˜[01m[Koptional[m[Kâ€™ in namespace â€˜[01m[Kstd[m[Kâ€™ does not name a template type
[7.175s]   740 |       public: std::[01;31m[Koptional[m[K<TopicStatistics> TopicStats(
[7.175s]       |                    [01;31m[K^~~~~~~~[m[K
[7.175s] [01m[K/usr/include/ignition/transport8/ignition/transport/Node.hh:740:15:[m[K [01;36m[Knote: [m[Kâ€˜[01m[Kstd::optional[m[Kâ€™ is only available from C++17 onwards
[7.175s]   740 |       public: [01;36m[Kstd[m[K::optional<TopicStatistics> TopicStats(
[7.175s]       |               [01;36m[K^~~[m[K
[7.200s] In file included from [01m[K/usr/include/gazebo-11/gazebo/physics/Entity.hh:35[m[K,
[7.200s]                  from [01m[K/usr/include/gazebo-11/gazebo/physics/Model.hh:30[m[K,
[7.200s]                  from [01m[K/usr/include/gazebo-11/gazebo/physics/Actor.hh:27[m[K,
[7.200s]                  from [01m[K/usr/include/gazebo-11/gazebo/physics/physics.hh:2[m[K,
[7.201s]                  from [01m[K/home/leoo/Documents/GitHub/ENPM673_turtlebot_perception_challenge/enpm673_final_proj/src/animated_box.cpp:24[m[K:
[7.201s] [01m[K/usr/include/gazebo-11/gazebo/physics/Base.hh:342:28:[m[K [01;31m[Kerror: [m[Kâ€˜[01m[Koptional[m[Kâ€™ in namespace â€˜[01m[Kstd[m[Kâ€™ does not name a template type
[7.201s]   342 |       public: virtual std::[01;31m[Koptional[m[K<sdf::SemanticPose> SDFSemanticPose() const;
[7.201s]       |                            [01;31m[K^~~~~~~~[m[K
[7.201s] [01m[K/usr/include/gazebo-11/gazebo/physics/Base.hh:342:23:[m[K [01;36m[Knote: [m[Kâ€˜[01m[Kstd::optional[m[Kâ€™ is only available from C++17 onwards
[7.201s]   342 |       public: virtual [01;36m[Kstd[m[K::optional<sdf::SemanticPose> SDFSemanticPose() const;
[7.201s]       |                       [01;36m[K^~~[m[K
[7.210s] In file included from [01m[K/usr/include/gazebo-11/gazebo/physics/Actor.hh:27[m[K,
[7.211s]                  from [01m[K/usr/include/gazebo-11/gazebo/physics/physics.hh:2[m[K,
[7.211s]                  from [01m[K/home/leoo/Documents/GitHub/ENPM673_turtlebot_perception_challenge/enpm673_final_proj/src/animated_box.cpp:24[m[K:
[7.211s] [01m[K/usr/include/gazebo-11/gazebo/physics/Model.hh:486:20:[m[K [01;31m[Kerror: [m[Kâ€˜[01m[Koptional[m[Kâ€™ in namespace â€˜[01m[Kstd[m[Kâ€™ does not name a template type
[7.211s]   486 |       public: std::[01;31m[Koptional[m[K<sdf::SemanticPose> SDFSemanticPose() const override;
[7.211s]       |                    [01;31m[K^~~~~~~~[m[K
[7.211s] [01m[K/usr/include/gazebo-11/gazebo/physics/Model.hh:486:15:[m[K [01;36m[Knote: [m[Kâ€˜[01m[Kstd::optional[m[Kâ€™ is only available from C++17 onwards
[7.211s]   486 |       public: [01;36m[Kstd[m[K::optional<sdf::SemanticPose> SDFSemanticPose() const override;
[7.211s]       |               [01;36m[K^~~[m[K
[7.290s] In file included from [01m[K/usr/include/gazebo-11/gazebo/physics/BallJoint.hh:25[m[K,
[7.291s]                  from [01m[K/usr/include/gazebo-11/gazebo/physics/physics.hh:6[m[K,
[7.291s]                  from [01m[K/home/leoo/Documents/GitHub/ENPM673_turtlebot_perception_challenge/enpm673_final_proj/src/animated_box.cpp:24[m[K:
[7.291s] [01m[K/usr/include/gazebo-11/gazebo/physics/Joint.hh:594:28:[m[K [01;31m[Kerror: [m[Kâ€˜[01m[Koptional[m[Kâ€™ in namespace â€˜[01m[Kstd[m[Kâ€™ does not name a template type
[7.291s]   594 |       public: virtual std::[01;31m[Koptional[m[K<sdf::SemanticPose> SDFSemanticPose()
[7.291s]       |                            [01;31m[K^~~~~~~~[m[K
[7.291s] [01m[K/usr/include/gazebo-11/gazebo/physics/Joint.hh:594:23:[m[K [01;36m[Knote: [m[Kâ€˜[01m[Kstd::optional[m[Kâ€™ is only available from C++17 onwards
[7.291s]   594 |       public: virtual [01;36m[Kstd[m[K::optional<sdf::SemanticPose> SDFSemanticPose()
[7.291s]       |                       [01;36m[K^~~[m[K
[7.302s] In file included from [01m[K/usr/include/gazebo-11/gazebo/physics/physics.hh:9[m[K,
[7.303s]                  from [01m[K/home/leoo/Documents/GitHub/ENPM673_turtlebot_perception_challenge/enpm673_final_proj/src/animated_box.cpp:24[m[K:
[7.303s] [01m[K/usr/include/gazebo-11/gazebo/physics/Collision.hh:205:28:[m[K [01;31m[Kerror: [m[Kâ€˜[01m[Koptional[m[Kâ€™ in namespace â€˜[01m[Kstd[m[Kâ€™ does not name a template type
[7.303s]   205 |       public: virtual std::[01;31m[Koptional[m[K<sdf::SemanticPose> SDFSemanticPose()
[7.303s]       |                            [01;31m[K^~~~~~~~[m[K
[7.303s] [01m[K/usr/include/gazebo-11/gazebo/physics/Collision.hh:205:23:[m[K [01;36m[Knote: [m[Kâ€˜[01m[Kstd::optional[m[Kâ€™ is only available from C++17 onwards
[7.303s]   205 |       public: virtual [01;36m[Kstd[m[K::optional<sdf::SemanticPose> SDFSemanticPose()
[7.303s]       |                       [01;36m[K^~~[m[K
[7.346s] In file included from [01m[K/usr/include/gazebo-11/gazebo/physics/physics.hh:26[m[K,
[7.347s]                  from [01m[K/home/leoo/Documents/GitHub/ENPM673_turtlebot_perception_challenge/enpm673_final_proj/src/animated_box.cpp:24[m[K:
[7.347s] [01m[K/usr/include/gazebo-11/gazebo/physics/Light.hh:78:20:[m[K [01;31m[Kerror: [m[Kâ€˜[01m[Koptional[m[Kâ€™ in namespace â€˜[01m[Kstd[m[Kâ€™ does not name a template type
[7.347s]    78 |       public: std::[01;31m[Koptional[m[K<sdf::SemanticPose> SDFSemanticPose() const override;
[7.347s]       |                    [01;31m[K^~~~~~~~[m[K
[7.347s] [01m[K/usr/include/gazebo-11/gazebo/physics/Light.hh:78:15:[m[K [01;36m[Knote: [m[Kâ€˜[01m[Kstd::optional[m[Kâ€™ is only available from C++17 onwards
[7.347s]    78 |       public: [01;36m[Kstd[m[K::optional<sdf::SemanticPose> SDFSemanticPose() const override;
[7.347s]       |               [01;36m[K^~~[m[K
[7.357s] In file included from [01m[K/usr/include/gazebo-11/gazebo/physics/physics.hh:28[m[K,
[7.357s]                  from [01m[K/home/leoo/Documents/GitHub/ENPM673_turtlebot_perception_challenge/enpm673_final_proj/src/animated_box.cpp:24[m[K:
[7.357s] [01m[K/usr/include/gazebo-11/gazebo/physics/Link.hh:617:20:[m[K [01;31m[Kerror: [m[Kâ€˜[01m[Koptional[m[Kâ€™ in namespace â€˜[01m[Kstd[m[Kâ€™ does not name a template type
[7.357s]   617 |       public: std::[01;31m[Koptional[m[K<sdf::SemanticPose> SDFSemanticPose() const override;
[7.357s]       |                    [01;31m[K^~~~~~~~[m[K
[7.357s] [01m[K/usr/include/gazebo-11/gazebo/physics/Link.hh:617:15:[m[K [01;36m[Knote: [m[Kâ€˜[01m[Kstd::optional[m[Kâ€™ is only available from C++17 onwards
[7.357s]   617 |       public: [01;36m[Kstd[m[K::optional<sdf::SemanticPose> SDFSemanticPose() const override;
[7.357s]       |               [01;36m[K^~~[m[K
[7.382s] In file included from [01m[K/usr/include/gazebo-11/gazebo/physics/physics.hh:36[m[K,
[7.382s]                  from [01m[K/home/leoo/Documents/GitHub/ENPM673_turtlebot_perception_challenge/enpm673_final_proj/src/animated_box.cpp:24[m[K:
[7.382s] [01m[K/usr/include/gazebo-11/gazebo/physics/PhysicsEngine.hh:[m[K In static member function â€˜[01m[Kstatic T gazebo::physics::PhysicsEngine::any_cast(const boost::any&)[m[Kâ€™:
[7.382s] [01m[K/usr/include/gazebo-11/gazebo/physics/PhysicsEngine.hh:274:45:[m[K [01;31m[Kerror: [m[Kâ€˜[01m[Kany[m[Kâ€™ is not a member of â€˜[01m[Kstd[m[Kâ€™
[7.382s]   274 |           auto value = boost::any_cast<std::[01;31m[Kany[m[K>(_value);
[7.382s]       |                                             [01;31m[K^~~[m[K
[7.382s] [01m[K/usr/include/gazebo-11/gazebo/physics/PhysicsEngine.hh:274:45:[m[K [01;36m[Knote: [m[Kâ€˜[01m[Kstd::any[m[Kâ€™ is only available from C++17 onwards
[7.382s] [01m[K/usr/include/gazebo-11/gazebo/physics/PhysicsEngine.hh:274:45:[m[K [01;31m[Kerror: [m[Kâ€˜[01m[Kany[m[Kâ€™ is not a member of â€˜[01m[Kstd[m[Kâ€™
[7.382s] [01m[K/usr/include/gazebo-11/gazebo/physics/PhysicsEngine.hh:274:45:[m[K [01;36m[Knote: [m[Kâ€˜[01m[Kstd::any[m[Kâ€™ is only available from C++17 onwards
[7.382s] [01m[K/usr/include/gazebo-11/gazebo/physics/PhysicsEngine.hh:275:23:[m[K [01;31m[Kerror: [m[Kâ€˜[01m[Kany_cast[m[Kâ€™ is not a member of â€˜[01m[Kstd[m[Kâ€™
[7.382s]   275 |           return std::[01;31m[Kany_cast[m[K<T>(value);
[7.382s]       |                       [01;31m[K^~~~~~~~[m[K
[7.383s] [01m[K/usr/include/gazebo-11/gazebo/physics/PhysicsEngine.hh:275:23:[m[K [01;36m[Knote: [m[Kâ€˜[01m[Kstd::any_cast[m[Kâ€™ is only available from C++17 onwards
[7.383s] [01m[K/usr/include/gazebo-11/gazebo/physics/PhysicsEngine.hh:275:33:[m[K [01;31m[Kerror: [m[Kexpected primary-expression before â€˜[01m[K>[m[Kâ€™ token
[7.383s]   275 |           return std::any_cast<T[01;31m[K>[m[K(value);
[7.383s]       |                                 [01;31m[K^[m[K
[8.856s] In file included from [01m[K/usr/include/sdformat-9.8/sdf/Element.hh:28[m[K,
[8.856s]                  from [01m[K/usr/include/sdformat-9.8/sdf/Actor.hh:25[m[K,
[8.856s]                  from [01m[K/usr/include/sdformat-9.8/sdf/sdf.hh:2[m[K,
[8.856s]                  from [01m[K/usr/include/gazebo-11/gazebo/common/Battery.hh:25[m[K,
[8.856s]                  from [01m[K/usr/include/gazebo-11/gazebo/common/common.hh:8[m[K,
[8.856s]                  from [01m[K/usr/include/gazebo-11/gazebo/gazebo_core.hh:19[m[K,
[8.856s]                  from [01m[K/usr/include/gazebo-11/gazebo/gazebo.hh:20[m[K,
[8.856s]                  from [01m[K/home/leoo/Documents/GitHub/ENPM673_turtlebot_perception_challenge/enpm673_final_proj/src/animated_box.cpp:22[m[K:
[8.856s] [01m[K/usr/include/sdformat-9.8/sdf/Param.hh:[m[K In member function â€˜[01m[Kstd::string sdf::v9::ParamPrivate::TypeToString() const [with T = ignition::math::v6::Pose3<double>][m[Kâ€™:
[8.856s] [01m[K/usr/include/sdformat-9.8/sdf/Param.hh:320:3:[m[K [01;35m[Kwarning: [m[Kcontrol reaches end of non-void function [[01;35m[K-Wreturn-type[m[K]
[8.856s]   320 |   [01;35m[K}[m[K
[8.857s]       |   [01;35m[K^[m[K
[8.858s] [01m[K/usr/include/sdformat-9.8/sdf/Param.hh:[m[K In member function â€˜[01m[Kstd::string sdf::v9::ParamPrivate::TypeToString() const [with T = double][m[Kâ€™:
[8.858s] [01m[K/usr/include/sdformat-9.8/sdf/Param.hh:320:3:[m[K [01;35m[Kwarning: [m[Kcontrol reaches end of non-void function [[01;35m[K-Wreturn-type[m[K]
[8.858s]   320 |   [01;35m[K}[m[K
[8.858s]       |   [01;35m[K^[m[K
[8.985s] make[2]: *** [CMakeFiles/animated_box.dir/build.make:76: CMakeFiles/animated_box.dir/src/animated_box.cpp.o] Error 1
[8.985s] make[1]: *** [CMakeFiles/Makefile2:220: CMakeFiles/animated_box.dir/all] Error 2
[8.985s] make: *** [Makefile:146: all] Error 2
[9.000s] Invoked command in '/home/leoo/Documents/GitHub/ENPM673_turtlebot_perception_challenge/build/enpm673_final_proj' returned '2': CMAKE_PREFIX_PATH=/opt/ros/galactic /home/leoo/.local/bin/cmake --build /home/leoo/Documents/GitHub/ENPM673_turtlebot_perception_challenge/build/enpm673_final_proj -- -j8 -l8
